============================= test session starts =============================
platform win32 -- Python 3.12.10, pytest-9.0.2, pluggy-1.6.0
rootdir: C:\Users\dvdze\Documents\_Python\Dev\ZEN_AI_RAG
configfile: pytest.ini
plugins: anyio-4.12.1, asyncio-1.3.0, base-url-2.1.0, cov-7.0.0, mock-3.15.1, playwright-0.7.2, timeout-2.4.0, respx-0.22.0, typeguard-4.4.4
asyncio: mode=Mode.AUTO, debug=False, asyncio_default_fixture_loop_scope=session, asyncio_default_test_loop_scope=function
timeout: 30.0s
timeout method: thread
timeout func_only: False

----------------------------- live log collection -----------------------------
2026-01-27 19:08:01 [    INFO] Loaded config from C:\Users\dvdze\Documents\_Python\Dev\ZEN_AI_RAG\config.json (config.py:41)
2026-01-27 19:08:01 [    INFO] Config Content: {
  "model_dir": "C:\\AI\\Models",
  "bin_dir": "C:\\Users\\dvdze\\Documents\\_Python\\Dev\\ZEN_AI_RAG\\_bin",
  "default_model": "qwen2.5-coder-7b-instruct-q4_k_m.gguf",
  "zena_mode": {
    "enabled": true,
    "language": "auto",
    "rag_source": "website",
    "website_url": "https://www.linkedin.com/in/georgehaber/",
    "voice_enabled": true,
    "popup_position": "bottom-right",
    "optimal_experts": 5,
    "network_access": false,
    "auto_update_enabled": true,
    "telegram_token": "",
    "telegram_whitelist": [],
    "whatsapp_whitelist": []
  }
} (config.py:42)
2026-01-27 19:08:05 [    INFO] Loading faiss with AVX512 support. (loader.py:120)
2026-01-27 19:08:05 [    INFO] Could not load library with AVX512 support due to:
ModuleNotFoundError("No module named 'faiss.swigfaiss_avx512'") (loader.py:125)
2026-01-27 19:08:05 [    INFO] Loading faiss with AVX2 support. (loader.py:132)
2026-01-27 19:08:05 [    INFO] Successfully loaded faiss with AVX2 support. (loader.py:134)
2026-01-27 19:08:05 [    INFO] [AsyncBackend] Initialized with API: http://127.0.0.1:8001/v1/chat/completions (async_backend.py:25)
2026-01-27 19:08:05 [    INFO] [ResourceManager] Strategy: PARALLEL (Total: 91.6GB, Avail: 70.9GB) (resource_manager.py:137)
2026-01-27 19:08:05 [    INFO] [ChatHistory] Initialized with max 100 messages (state_management.py:65)
collected 287 items / 1 error

<Dir ZEN_AI_RAG>
  <Package tests>
    <Module Test_RAGED_info.py>
      <Function test_rag_retrieval_content>
    <Module smoke_test_startup.py>
      <Function test_zena_imports_successfully>
      <Coroutine test_zenai_page_execution>
    <Module test_advanced_extractor.py>
      <Function test_initialization>
      <Function test_type_detection>
      <Function test_bytes_routing>
    <Module test_analysis.py>
      <Function test_analyze_and_write_report>
    <Module test_arbitrator_scaling.py>
      <UnitTestCase TestArbitratorScaling>
        <TestCaseFunction test_arbitrator_discovers_scaled_swarm>
    <Module test_async_backend.py>
      <Class TestAsyncZenAIBackend>
        <Function test_initialization>
        <Coroutine test_context_manager>
        <Coroutine test_streaming_with_mock>
        <Coroutine test_hub_models_with_mock>
        <Function test_backend_has_required_methods>
        <Coroutine test_health_check_mocked>
        <Coroutine test_health_check_failure>
      <Class TestBackendCompatibility>
        <Function test_old_backend_removed_completely>
        <Function test_async_backend_available>
    <Module test_async_model_management.py>
      <Coroutine test_set_active_model_mocked>
      <Coroutine test_set_active_model_failure>
      <Coroutine test_download_model_mocked>
    <Module test_async_refactor.py>
      <Class TestAsyncRefactor>
        <Coroutine test_get_models_success>
        <Coroutine test_get_models_failure_fallback>
        <Coroutine test_download_model>
        <Coroutine test_set_active_model>
    <Module test_auto_updater.py>
      <UnitTestCase TestAutoUpdater>
        <TestCaseFunction test_binary_swap_simulation>
        <TestCaseFunction test_github_monitor>
        <TestCaseFunction test_version_comparison>
    <Module test_backend_integration.py>
      <Coroutine test_fetch_models_mocked>
      <Coroutine test_chat_completion_mocked>
    <Module test_batch_engine.py>
      <Coroutine test_batch_analysis_logic>
    <Module test_branding_cleanup.py>
      <Function test_no_legacy_branding_in_codebase>
    <Module test_chat_ui.py>
      <Coroutine test_llm_backend>
      <Coroutine test_streaming_response>
      <Coroutine test_ui_endpoint>
      <Coroutine test_chat_ui_e2e_playwright>
    <Module test_config_swarm.py>
      <UnitTestCase TestConfigSwarm>
        <TestCaseFunction test_swarm_defaults>
        <TestCaseFunction test_swarm_persistence>
    <Module test_conversation_memory.py>
      <Class TestMessage>
        <Function test_message_creation>
        <Function test_message_to_dict>
        <Function test_message_from_dict>
      <Class TestConversationDB>
        <Function test_db_creation>
        <Function test_add_message>
        <Function test_get_recent_messages>
        <Function test_session_isolation>
      <Class TestConversationMemory>
        <Function test_initialization>
        <Function test_add_and_retrieve>
        <Function test_semantic_search>
        <Function test_context_building>
        <Function test_contextual_prompt>
        <Function test_stats>
      <Class TestTopicExtraction>
        <Function test_extract_topics>
      <Class TestMultiSession>
        <Function test_multiple_sessions>
        <Function test_clear_session>
      <Class TestIntegration>
        <Function test_full_conversation_flow>
      <Class TestFactoryFunction>
        <Function test_get_conversation_memory>
    <Module test_coverage_boost.py>
      <Class TestCoverageBoost>
        <Function test_env_int>
        <Function test_check_processes>
        <Function test_kill_process_tree>
        <Function test_kill_process_by_name>
        <Function test_register_process_updates_globals>
        <Function test_launch_expert_process_env>
        <Function test_scale_swarm_integration>
        <Function test_start_hub_daemon>
        <Function test_start_voice_stream_server>
        <Function test_start_server_guard_bypass>
    <Module test_decorators.py>
      <Class TestDecorators>
        <Function test_retry_sync_success>
        <Function test_retry_sync_failure>
        <Coroutine test_retry_async>
        <Function test_log_errors_default>
        <Coroutine test_log_errors_async>
        <Function test_performance_critical_warning>
        <Function test_timer_logs>
    <Module test_engine_control.py>
      <Function test_engine_lifecycle>
    <Module test_environment_audit.py>
      <Function test_hardware_profiler>
      <Function test_validate_environment_mocked>
      <Function test_low_disk_warning>
      <Function test_web_scanner_logic>
    <Module test_feature_integration.py>
      <Coroutine test_feature_menu_items>
    <Module test_file_upload_scenarios.py>
      <UnitTestCase TestFileUploadScenarios>
        <TestCaseFunction test_binary_file_handling>
        <TestCaseFunction test_python_file_formatting>
        <TestCaseFunction test_text_file_formatting>
    <Module test_gateway_routing.py>
      <UnitTestCase TestTelegramGateway>
        <TestCaseFunction test_authorized_user_routing>
        <TestCaseFunction test_unauthorized_user_rejection>
    <Module test_hub_scaling.py>
      <UnitTestCase TestHubScaling>
        <TestCaseFunction test_hub_scale_endpoint>
    <Module test_hybrid_rag.py>
      <Function test_hybrid_search_precision>
      <Function test_rrf_fusion_logic>
    <Module test_input_handler.py>
      <Class TestInputHandlerPattern>
        <Coroutine test_handler_dict_dispatch>
    <Module test_install.py>
      <UnitTestCase TestDistribution>
        <TestCaseFunction test_installation_layout>
        <TestCaseFunction test_startup_simulation>
    <Module test_llm_lifecycle.py>
      <Function test_hub_health>
      <Function test_model_endpoints>
      <Function test_update_check>
    <Module test_localization_switching.py>
      <Function test_localization_switching_branding>
      <Function test_invalid_locale_raises_error>
      <Function test_shorthand_access>
      <Function test_menu_strings_not_empty>
    <Module test_mode_switching.py>
      <Coroutine test_swarm_scaling_logic>
      <Coroutine test_router_initialization_on_toggle>
    <Module test_model_management.py>
      <UnitTestCase TestModelManagement>
        <TestCaseFunction test_get_models_fallback_on_error>
        <TestCaseFunction test_get_models_from_hub_api>
    <Module test_multi_process.py>
      <Function test_multi_process_concurrency>
    <Module test_parity.py>
      <Function test_protocol_routing>
      <Function test_performance_stats>
      <Function test_agent_reliability>
      <Coroutine test_contradiction_detection>
      <Coroutine test_weighted_performance_recording>
    <Module test_pdf_extraction.py>
      <Class TestPDFExtractor>
        <Function test_extract_text_from_valid_pdf>
        <Function test_extract_text_from_multi_page_pdf>
        <Function test_extract_text_from_empty_pdf>
        <Function test_extract_text_from_nonexistent_file>
        <Function test_extract_text_from_corrupted_file>
        <Function test_is_pdf_valid_extension>
        <Function test_is_pdf_invalid_extension>
        <Function test_extract_text_preserves_structure>
        <Function test_extract_large_pdf>
      <Class TestPDFIntegrationWithRAG>
        <Function test_pdf_can_be_indexed>
    <Module test_rag_lock.py>
      <Function test_rag_lock_graceful_handling>
    <Module test_rag_manager.py>
      <Function test_update_and_read_consistency>
      <Function test_clear_documents>
    <Module test_rag_pipeline.py>
      <Class TestDeduplication>
        <Function test_exact_hash_deduplication>
        <Function test_near_duplicate_detection>
        <Function test_document_level_deduplication>
        <Function test_cross_batch_deduplication>
      <Class TestJunkFiltering>
        <Function test_filter_short_chunks>
        <Function test_filter_low_entropy_chunks>
        <Function test_filter_blacklisted_chunks>
        <Function test_accept_valid_chunks>
        <Function test_entropy_calculation>
      <Class TestHybridSearch>
        <Function test_hybrid_search_returns_results>
        <Function test_hybrid_search_alpha_weighting>
      <Class TestThreadSafety>
        <Function test_concurrent_search>
        <Function test_concurrent_build_index>
      <Class TestAddChunks>
        <Function test_add_chunks_basic>
        <Function test_add_chunks_deduplication>
      <Class TestGetStats>
        <Function test_stats_empty_index>
        <Function test_stats_populated_index>
      <Class TestEdgeCases>
        <Function test_unicode_content>
        <Function test_empty_documents>
        <Function test_very_long_document>
        <Function test_special_characters_in_query>
        <Function test_score_range>
      <Class TestRAGPipeline>
        <Function test_chunk_documents>
        <Function test_chunk_small_content>
        <Function test_build_index>
        <Function test_save_load_qdrant>
        <Function test_query>
        <Function test_query_empty_index>
      <Class TestRAGIntegration>
        <Function test_rag_context_injection>
      <Class TestWebsiteScraper>
        <Function test_scraper_initialization>
        <Coroutine test_scraper_respects_rate_limit>
    <Module test_rag_precision.py>
      <UnitTestCase TestRAGPrecision>
        <TestCaseFunction test_hallucination_verification_mixed>
        <TestCaseFunction test_hallucination_verification_perfect>
        <TestCaseFunction test_rag_reranking_complex>
    <Module test_resource_manager.py>
      <Function test_run_in_thread_future_success>
      <Function test_run_in_thread_future_exception>
      <Function test_max_workers_enforced>
    <Module test_scraper_resilience.py>
      <Function test_scraper_exponential_backoff>
      <Function test_scraper_antibot_detection>
      <Function test_scraper_different_domain_filtered>
    <Module test_security.py>
      <Class TestFileValidator>
        <Function test_valid_file>
        <Function test_file_too_large>
        <Function test_invalid_extension>
        <Function test_valid_extensions>
        <Function test_invalid_utf8>
        <Function test_unicode_content>
        <Function test_empty_file>
        <Function test_max_size_boundary>
      <Class TestPathTraversal>
        <Function test_path_traversal_dotdot>
        <Function test_path_traversal_tilde>
        <Function test_path_traversal_env_vars>
        <Function test_safe_paths>
        <Function test_edge_cases>
    <Module test_self_help.py>
      <UnitTestCase TestSelfHelpRAG>
        <TestCaseFunction test_manual_retrieval>
        <TestCaseFunction test_troubleshooting_retrieval>
        <TestCaseFunction test_verification_shield>
    <Module test_semantic_ui.py>
      <Coroutine test_semantic_audit_logic>
      <Coroutine test_ui_registry_completeness>
    <Module test_smart_file_handling.py>
      <UnitTestCase TestSmartFileHandling>
        <TestCaseFunction test_python_file_trigger>
        <TestCaseFunction test_text_file_trigger>
    <Module test_start_llm.py>
      <Class TestPureFunctions>
        <Function test_env_int_with_valid_env_var>
        <Function test_env_int_with_missing_env_var>
        <Function test_env_int_with_invalid_value>
        <Function test_env_int_with_negative_values>
      <Class TestOutputUtilities>
        <Function test_safe_print_forces_flush>
        <Function test_safe_print_with_multiple_args>
        <Function test_safe_print_with_sep_kwarg>
        <Function test_safe_exit_calls_sys_exit>
        <Function test_safe_exit_flushes_buffers>
      <Class TestProcessManagement>
        <Function test_register_process_adds_to_global_dict>
        <Function test_register_process_sets_defaults>
        <Function test_register_process_critical_has_more_restarts>
        <Function test_check_processes_detects_crashes>
        <Function test_check_processes_ignores_running_processes>
        <Function test_check_processes_removes_crashed_from_monitoring>
      <Class TestLazyLoading>
        <Function test_get_model_manager_caches_import>
        <Function test_get_model_manager_raises_on_missing_module>
        <Function test_get_cached_voice_service_caches_import>
      <Class TestNewUtilities>
        <Function test_kill_process_by_name>
      <Class TestConfiguration>
        <Function test_restart_with_model_updates_global_path>
        <Function test_build_llama_cmd_returns_list>
      <Class TestProcessUtilities>
        <Function test_scale_swarm_decreases_expert_count>
      <Class TestOrchestrator>
        <Function test_do_OPTIONS>
        <Function test_do_GET_list>
        <Function test_do_GET_status>
        <Function test_do_POST_swap>
    <Module test_state_management.py>
      <Class TestAttachmentState>
        <Function test_set_and_get>
        <Function test_has_attachment>
        <Function test_clear>
        <Function test_thread_safety>
      <Class TestChatHistory>
        <Function test_add_message>
        <Function test_pagination>
        <Function test_get_recent>
        <Function test_clear>
        <Function test_message_timestamps>
      <Class TestErrorHandling>
        <Function test_handle_error_logging>
        <Function test_error_message_mapping>
    <Module test_stress_parallel.py>
      <Function test_parallel_stress>
    <Module test_swarm.py>
      <Class TestSwarmArbitrator>
        <Coroutine test_discover_swarm_enabled>
        <Coroutine test_discover_swarm_disabled>
        <Function test_calculate_consensus_simple>
        <Coroutine test_query_model_success>
        <Coroutine test_query_model_error>
        <Coroutine test_get_cot_response_single_reflection>
        <Function test_detect_contradictions>
        <Coroutine test_external_agent_bridge>
        <Function test_autogen_init>
    <Module test_swarm_intelligence.py>
      <Function test_protocol_selection>
      <Function test_expert_specialization_prompts>
      <Coroutine test_latency_sorting>
      <Function test_hallucination_penalty_logic>
    <Module test_ui_chaos.py>
      <Coroutine test_chaos_monkey[chromium]>
    <Module test_ui_e2e.py>
      <Class TestUIElementsPresent>
        <Coroutine test_header_elements[chromium]>
        <Coroutine test_input_area[chromium]>
        <Coroutine test_chat_area[chromium]>
        <Coroutine test_welcome_message[chromium]>
      <Class TestUIInteractions>
        <Coroutine test_toggle_dark_mode[chromium]>
        <Coroutine test_open_sidebar[chromium]>
        <Coroutine test_send_message_flow[chromium]>
        <Coroutine test_quick_action_chips[chromium]>
        <Coroutine test_rag_dialog_flow[chromium]>
        <Coroutine test_tts_interaction[chromium]>
      <Class TestResponseValidation>
        <Coroutine test_identity_response[chromium]>
        <Coroutine test_code_response[chromium]>
        <Coroutine test_refusal_harmful[chromium]>
      <Class TestVisualRegression>
        <Coroutine test_initial_load_screenshot[chromium]>
        <Coroutine test_dark_mode_screenshot[chromium]>
    <Module test_ui_menu_items.py>
      <Class TestSidebarMenuItems>
        <Function test_model_select_exists>
        <Function test_check_llama_version_function_exists>
        <Function test_diagnostics_config_accessible>
      <Class TestHeaderButtons>
        <Function test_tts_toggle_logic>
        <Function test_rag_mode_toggle_logic>
      <Class TestChatInput>
        <Function test_empty_message_rejected>
        <Function test_message_formatting>
      <Class TestThemeToggle>
        <Function test_dark_mode_state>
    <Module test_ui_state.py>
      <Function test_concurrent_clear_and_append>
      <Function test_update_model_options_calls_update>
    <Module test_ui_workflow.py>
      <Class TestMessageSending>
        <Coroutine test_simple_message_roundtrip>
        <Coroutine test_empty_message_handling>
        <Coroutine test_special_characters_in_message>
      <Class TestStreamingResponses>
        <Coroutine test_stream_chunks_arrive_in_order>
        <Coroutine test_stream_handles_slow_chunks>
        <Coroutine test_stream_cancellation>
      <Class TestFileUpload>
        <Function test_small_file_processing>
        <Function test_large_file_processing>
        <Function test_binary_file_detection>
        <Function test_pdf_file_handling>
        <Function test_file_size_limits>
      <Class TestTimeoutHandling>
        <Coroutine test_request_timeout_graceful_handling>
        <Coroutine test_connection_refused_handling>
        <Coroutine test_timeout_with_large_prompt>
      <Class TestUIState>
        <Function test_ui_state_initialization>
        <Function test_ui_state_disconnection_handling>
        <Function test_message_state_tracking>
      <Class TestRapidMessages>
        <Coroutine test_sequential_messages>
        <Coroutine test_concurrent_messages_isolation>
      <Class TestBackendHealth>
        <Coroutine test_health_check_online>
        <Coroutine test_health_check_offline>
      <Class TestPromptSanitization>
        <Function test_sanitize_removes_dangerous_patterns>
        <Function test_sanitize_preserves_normal_content>
      <Class TestFullWorkflow>
        <Coroutine test_complete_chat_cycle>
        <Coroutine test_file_upload_chat_cycle>
    <Module test_validate_path.py>
      <Function test_validate_path_within_base_dir>
      <Function test_validate_path_rejects_system_paths>
    <Module test_zombie_cleanup.py>
      <Class TestZombieCleanup>
        <Function test_kill_process_by_port_works>
        <Function test_start_server_cleanup_logic>
    <Module verify_qdrant.py>
      <Function test_qdrant_flow>
    <Module verify_quiet_cot.py>
      <Coroutine test_quiet_cot_logic>

=================================== ERRORS ====================================
________________ ERROR collecting tests/test_ui_components.py _________________
ImportError while importing test module 'C:\Users\dvdze\Documents\_Python\Dev\ZEN_AI_RAG\tests\test_ui_components.py'.
Hint: make sure your test modules/packages have valid Python names.
Traceback:
..\..\..\..\AppData\Local\Programs\Python\Python312\Lib\importlib\__init__.py:90: in import_module
    return _bootstrap._gcd_import(name[level:], package, level)
           ^^^^^^^^^^^^^^^^^^^^^^^^^^^^^^^^^^^^^^^^^^^^^^^^^^^^
tests\test_ui_components.py:3: in <module>
    from ui_components import GlassCapsule, SmartChips, LivingLogo
E   ImportError: cannot import name 'GlassCapsule' from 'ui_components' (C:\Users\dvdze\Documents\_Python\Dev\ZEN_AI_RAG\ui_components.py)
=========================== short test summary info ===========================
ERROR tests/test_ui_components.py
!!!!!!!!!!!!!!!!!!! Interrupted: 1 error during collection !!!!!!!!!!!!!!!!!!!!
==================== 287 tests collected, 1 error in 5.08s ====================
