============================= test session starts =============================
platform win32 -- Python 3.12.10, pytest-9.0.2, pluggy-1.6.0 -- C:\Users\dvdze\AppData\Local\Programs\Python\Python312\python.exe
cachedir: .pytest_cache
rootdir: C:\Users\dvdze\Documents\_Python\Dev\ZEN_AI_RAG
configfile: pytest.ini
plugins: anyio-4.12.1, asyncio-1.3.0, base-url-2.1.0, cov-7.0.0, mock-3.15.1, playwright-0.7.2, timeout-2.4.0, respx-0.22.0, typeguard-4.4.4
asyncio: mode=Mode.AUTO, debug=False, asyncio_default_fixture_loop_scope=session, asyncio_default_test_loop_scope=function
timeout: 30.0s
timeout method: thread
timeout func_only: False
collecting ... 
----------------------------- live log collection -----------------------------
2026-01-26 20:59:18 [    INFO] [AsyncBackend] Initialized with API: http://127.0.0.1:8001/v1/chat/completions (async_backend.py:22)
collected 10 items

tests/test_branding_cleanup.py::test_no_legacy_branding_in_codebase 
------------------------------- live log setup --------------------------------
2026-01-26 20:59:18 [    INFO] Loaded config from C:\Users\dvdze\Documents\_Python\Dev\ZEN_AI_RAG\config.json (config.py:41)
2026-01-26 20:59:18 [    INFO] Config Content: {
  "model_dir": "C:\\AI\\Models",
  "bin_dir": "C:\\Users\\dvdze\\Documents\\_Python\\Dev\\ZEN_AI_RAG\\_bin",
  "default_model": "qwen2.5-coder-7b-instruct-q4_k_m.gguf",
  "zena_mode": {
    "enabled": true,
    "language": "auto",
    "rag_source": "website",
    "website_url": "https://www.linkedin.com/in/georgehaber/",
    "voice_enabled": true,
    "popup_position": "bottom-right",
    "optimal_experts": 5,
    "network_access": false
  }
} (config.py:42)
FAILED                                                                   [ 10%]
tests/test_async_backend.py::TestAsyncZenAIBackend::test_initialization 
-------------------------------- live log call --------------------------------
2026-01-26 20:59:18 [    INFO] [AsyncBackend] Initialized with API: http://127.0.0.1:8001/v1/chat/completions (async_backend.py:22)
PASSED                                                                   [ 20%]
tests/test_async_backend.py::TestAsyncZenAIBackend::test_context_manager 
-------------------------------- live log call --------------------------------
2026-01-26 20:59:18 [    INFO] [AsyncBackend] Initialized with API: http://127.0.0.1:8001/v1/chat/completions (async_backend.py:22)
PASSED                                                                   [ 30%]
tests/test_async_backend.py::TestAsyncZenAIBackend::test_streaming_with_mock 
-------------------------------- live log call --------------------------------
2026-01-26 20:59:18 [    INFO] [AsyncBackend] Initialized with API: http://127.0.0.1:8001/v1/chat/completions (async_backend.py:22)
2026-01-26 20:59:18 [    INFO] [AsyncBackend] Sending message: test query... (async_backend.py:191)
2026-01-26 20:59:18 [    INFO] HTTP Request: POST http://127.0.0.1:8001/v1/chat/completions "HTTP/1.1 200 OK" (_client.py:1740)
2026-01-26 20:59:18 [    INFO] [AsyncBackend] Stream complete: 2 chunks (async_backend.py:206)
PASSED                                                                   [ 40%]
tests/test_async_backend.py::TestAsyncZenAIBackend::test_hub_models_with_mock 
-------------------------------- live log call --------------------------------
2026-01-26 20:59:18 [    INFO] [AsyncBackend] Initialized with API: http://127.0.0.1:8001/v1/chat/completions (async_backend.py:22)
2026-01-26 20:59:19 [    INFO] HTTP Request: GET http://127.0.0.1:8002/models/available "HTTP/1.1 200 OK" (_client.py:1740)
PASSED                                                                   [ 50%]
tests/test_async_backend.py::TestAsyncZenAIBackend::test_backend_has_required_methods 
-------------------------------- live log call --------------------------------
2026-01-26 20:59:19 [    INFO] [AsyncBackend] Initialized with API: http://127.0.0.1:8001/v1/chat/completions (async_backend.py:22)
PASSED                                                                   [ 60%]
tests/test_async_backend.py::TestAsyncZenAIBackend::test_health_check_mocked 
-------------------------------- live log call --------------------------------
2026-01-26 20:59:19 [    INFO] [AsyncBackend] Initialized with API: http://127.0.0.1:8001/v1/chat/completions (async_backend.py:22)
2026-01-26 20:59:19 [    INFO] HTTP Request: GET http://127.0.0.1:8001/health "HTTP/1.1 200 OK" (_client.py:1740)
PASSED                                                                   [ 70%]
tests/test_async_backend.py::TestAsyncZenAIBackend::test_health_check_failure 
-------------------------------- live log call --------------------------------
2026-01-26 20:59:19 [    INFO] [AsyncBackend] Initialized with API: http://127.0.0.1:8001/v1/chat/completions (async_backend.py:22)
2026-01-26 20:59:19 [    INFO] HTTP Request: GET http://127.0.0.1:8001/health "HTTP/1.1 500 Internal Server Error" (_client.py:1740)
PASSED                                                                   [ 80%]
tests/test_async_backend.py::TestBackendCompatibility::test_old_backend_removed_completely 
-------------------------------- live log call --------------------------------
2026-01-26 20:59:24 [    INFO] [Config] Zena Mode: True (zena.py:91)
2026-01-26 20:59:24 [    INFO] [DEBUG] Initializing zena_mode package... (utils.py:87)
2026-01-26 20:59:24 [    INFO] [DEBUG] Importing scraper... (utils.py:87)
2026-01-26 20:59:24 [    INFO] [DEBUG] Importing rag_pipeline (Heavy)... (utils.py:87)
2026-01-26 20:59:24 [    INFO] [DEBUG] Importing directory_scanner... (utils.py:87)
2026-01-26 20:59:24 [    INFO] Loading faiss with AVX512 support. (loader.py:120)
2026-01-26 20:59:24 [    INFO] Could not load library with AVX512 support due to:
ModuleNotFoundError("No module named 'faiss.swigfaiss_avx512'") (loader.py:125)
2026-01-26 20:59:24 [    INFO] Loading faiss with AVX2 support. (loader.py:132)
2026-01-26 20:59:24 [    INFO] Successfully loaded faiss with AVX2 support. (loader.py:134)
2026-01-26 20:59:24 [    INFO] [DEBUG] Importing voice_engine... (utils.py:87)
2026-01-26 20:59:24 [    INFO] [DEBUG] zena_mode package initialized. (utils.py:87)
2026-01-26 20:59:24 [   ERROR] [RAG] Failed to initialize: LocalRAG.__init__() got an unexpected keyword argument 'lazy_load' (zena.py:110)
2026-01-26 20:59:24 [    INFO] Use pytorch device_name: cpu (SentenceTransformer.py:219)
2026-01-26 20:59:24 [    INFO] Load pretrained SentenceTransformer: all-MiniLM-L6-v2 (SentenceTransformer.py:227)
2026-01-26 20:59:24 [    INFO] [ConvMemory] Initialized at C:\Users\dvdze\Documents\_Python\Dev\ZEN_AI_RAG\conversation_cache (conversation_memory.py:357)
2026-01-26 20:59:24 [    INFO] [Memory] Conversation memory initialized (zena.py:123)
2026-01-26 20:59:24 [    INFO] [ChatHistory] Initialized with max 100 messages (state_management.py:65)
2026-01-26 20:59:24 [    INFO] Imported existing <module 'comtypes.gen' from 'C:\\Users\\dvdze\\AppData\\Local\\Programs\\Python\\Python312\\Lib\\site-packages\\comtypes\\gen\\__init__.py'> (_code_cache.py:102)
2026-01-26 20:59:24 [    INFO] Using writeable comtypes cache directory: 'C:\Users\dvdze\AppData\Local\Programs\Python\Python312\Lib\site-packages\comtypes\gen' (_code_cache.py:83)
2026-01-26 20:59:25 [    INFO] [FeatureDetector] Available features: voice_tts, pdf, rag, audio (feature_detection.py:47)
2026-01-26 20:59:25 [    INFO] [FeatureDetector] Unavailable features: voice_stt (feature_detection.py:49)
2026-01-26 20:59:25 [    INFO] [Features] Feature detection complete (zena.py:135)
2026-01-26 20:59:25 [    INFO] [Cleanup] Upload cleanup policy initialized (zena.py:143)
PASSED                                                                   [ 90%]
tests/test_async_backend.py::TestBackendCompatibility::test_async_backend_available FAILED [100%]

================================== FAILURES ===================================
_____________________ test_no_legacy_branding_in_codebase _____________________

    def test_no_legacy_branding_in_codebase():
        """Scan the entire codebase for legacy branding strings."""
        found_violations = []
    
        for root, dirs, files in os.walk(ROOT_DIR):
            # Skip excluded directories
            dirs[:] = [d for d in dirs if d not in EXCLUDE_DIRS]
    
            for file in files:
                if file in EXCLUDE_FILES or not (file.endswith(".py") or file.endswith(".json") or file.endswith(".md")):
                    continue
    
                file_path = os.path.join(root, file)
                try:
                    with open(file_path, "r", encoding="utf-8") as f:
                        content = f.read()
                        for legacy in LEGACY_STRINGS:
                            if legacy in content:
                                # Try to find line number
                                lines = content.splitlines()
                                for i, line in enumerate(lines):
                                    if legacy in line:
                                        found_violations.append(f"{file_path}:{i+1} - Found '{legacy}'")
                except Exception as e:
                    # print(f"Could not read {file_path}: {e}")
                    pass
    
        if found_violations:
            message = "\n".join(found_violations[:20]) # Show first 20
            if len(found_violations) > 20:
                message += f"\n... and {len(found_violations) - 20} more."
>           pytest.fail(f"Legacy branding strings found in codebase:\n{message}")
E           Failed: Legacy branding strings found in codebase:
E           C:\Users\dvdze\Documents\_Python\Dev\ZEN_AI_RAG\ui_components.py:19 - Found 'Zena'
E           C:\Users\dvdze\Documents\_Python\Dev\ZEN_AI_RAG\ui_components.py:603 - Found 'Zena'
E           C:\Users\dvdze\Documents\_Python\Dev\ZEN_AI_RAG\zena.py:74 - Found 'Nebula'
E           C:\Users\dvdze\Documents\_Python\Dev\ZEN_AI_RAG\zena.py:3 - Found 'Zena'
E           C:\Users\dvdze\Documents\_Python\Dev\ZEN_AI_RAG\zena.py:83 - Found 'Zena'
E           C:\Users\dvdze\Documents\_Python\Dev\ZEN_AI_RAG\zena.py:91 - Found 'Zena'
E           C:\Users\dvdze\Documents\_Python\Dev\ZEN_AI_RAG\zena.py:95 - Found 'Zena'
E           C:\Users\dvdze\Documents\_Python\Dev\ZEN_AI_RAG\zena.py:314 - Found 'Zena'
E           C:\Users\dvdze\Documents\_Python\Dev\ZEN_AI_RAG\zena.py:328 - Found 'Zena'
E           C:\Users\dvdze\Documents\_Python\Dev\ZEN_AI_RAG\zena_rag_ui.py:7 - Found 'Zena'
E           C:\Users\dvdze\Documents\_Python\Dev\ZEN_AI_RAG\zena_rag_ui.py:59 - Found 'Zena'
E           C:\Users\dvdze\Documents\_Python\Dev\ZEN_AI_RAG\_sandbox\Zena_Zip_All.py:47 - Found 'Zena'

tests\test_branding_cleanup.py:46: Failed
----------------------------- Captured log setup ------------------------------
INFO     ZenAIConfig:config.py:41 Loaded config from C:\Users\dvdze\Documents\_Python\Dev\ZEN_AI_RAG\config.json
INFO     ZenAIConfig:config.py:42 Config Content: {
  "model_dir": "C:\\AI\\Models",
  "bin_dir": "C:\\Users\\dvdze\\Documents\\_Python\\Dev\\ZEN_AI_RAG\\_bin",
  "default_model": "qwen2.5-coder-7b-instruct-q4_k_m.gguf",
  "zena_mode": {
    "enabled": true,
    "language": "auto",
    "rag_source": "website",
    "website_url": "https://www.linkedin.com/in/georgehaber/",
    "voice_enabled": true,
    "popup_position": "bottom-right",
    "optimal_experts": 5,
    "network_access": false
  }
}
____________ TestBackendCompatibility.test_async_backend_available ____________

self = <test_async_backend.TestBackendCompatibility object at 0x000001ED94B3D9A0>

    def test_async_backend_available(self):
        """Test async_backend is available in zena module."""
>       from zena import async_backend
E       ImportError: cannot import name 'async_backend' from 'zena' (C:\Users\dvdze\Documents\_Python\Dev\ZEN_AI_RAG\zena.py)

tests\test_async_backend.py:93: ImportError
=========================== short test summary info ===========================
FAILED tests/test_branding_cleanup.py::test_no_legacy_branding_in_codebase - ...
FAILED tests/test_async_backend.py::TestBackendCompatibility::test_async_backend_available
========================= 2 failed, 8 passed in 7.12s =========================
