============================= test session starts =============================
platform win32 -- Python 3.12.10, pytest-9.0.2, pluggy-1.6.0 -- C:\Users\dvdze\AppData\Local\Programs\Python\Python312\python.exe
cachedir: .pytest_cache
rootdir: C:\Users\dvdze\Documents\_Python\Dev\ZEN_AI_RAG
configfile: pytest.ini
plugins: anyio-4.12.1, asyncio-1.3.0, base-url-2.1.0, cov-7.0.0, mock-3.15.1, playwright-0.7.2, timeout-2.4.0, respx-0.22.0, typeguard-4.4.4
asyncio: mode=Mode.AUTO, debug=False, asyncio_default_fixture_loop_scope=session, asyncio_default_test_loop_scope=function
timeout: 30.0s
timeout method: thread
timeout func_only: False
collecting ... collected 1 item

tests/test_branding_cleanup.py::test_no_legacy_branding_in_codebase 
------------------------------- live log setup --------------------------------
2026-01-26 21:01:05 [    INFO] Loaded config from C:\Users\dvdze\Documents\_Python\Dev\ZEN_AI_RAG\config.json (config.py:41)
2026-01-26 21:01:05 [    INFO] Config Content: {
  "model_dir": "C:\\AI\\Models",
  "bin_dir": "C:\\Users\\dvdze\\Documents\\_Python\\Dev\\ZEN_AI_RAG\\_bin",
  "default_model": "qwen2.5-coder-7b-instruct-q4_k_m.gguf",
  "zena_mode": {
    "enabled": true,
    "language": "auto",
    "rag_source": "website",
    "website_url": "https://www.linkedin.com/in/georgehaber/",
    "voice_enabled": true,
    "popup_position": "bottom-right",
    "optimal_experts": 5,
    "network_access": false
  }
} (config.py:42)
FAILED                                                                   [100%]

================================== FAILURES ===================================
_____________________ test_no_legacy_branding_in_codebase _____________________

    def test_no_legacy_branding_in_codebase():
        """Scan the entire codebase for legacy branding strings."""
        found_violations = []
    
        for root, dirs, files in os.walk(ROOT_DIR):
            # Skip excluded directories
            dirs[:] = [d for d in dirs if d not in EXCLUDE_DIRS]
    
            for file in files:
                if file in EXCLUDE_FILES or not (file.endswith(".py") or file.endswith(".json") or file.endswith(".md")):
                    continue
    
                file_path = os.path.join(root, file)
                try:
                    with open(file_path, "r", encoding="utf-8") as f:
                        content = f.read()
                        for legacy in LEGACY_STRINGS:
                            if legacy in content:
                                # Try to find line number
                                lines = content.splitlines()
                                for i, line in enumerate(lines):
                                    if legacy in line:
                                        found_violations.append(f"{file_path}:{i+1} - Found '{legacy}'")
                except Exception as e:
                    # print(f"Could not read {file_path}: {e}")
                    pass
    
        if found_violations:
            message = "\n".join(found_violations[:20]) # Show first 20
            if len(found_violations) > 20:
                message += f"\n... and {len(found_violations) - 20} more."
>           pytest.fail(f"Legacy branding strings found in codebase:\n{message}")
E           Failed: Legacy branding strings found in codebase:
E           C:\Users\dvdze\Documents\_Python\Dev\ZEN_AI_RAG\zena.py:74 - Found 'Nebula'

tests\test_branding_cleanup.py:46: Failed
----------------------------- Captured log setup ------------------------------
INFO     ZenAIConfig:config.py:41 Loaded config from C:\Users\dvdze\Documents\_Python\Dev\ZEN_AI_RAG\config.json
INFO     ZenAIConfig:config.py:42 Config Content: {
  "model_dir": "C:\\AI\\Models",
  "bin_dir": "C:\\Users\\dvdze\\Documents\\_Python\\Dev\\ZEN_AI_RAG\\_bin",
  "default_model": "qwen2.5-coder-7b-instruct-q4_k_m.gguf",
  "zena_mode": {
    "enabled": true,
    "language": "auto",
    "rag_source": "website",
    "website_url": "https://www.linkedin.com/in/georgehaber/",
    "voice_enabled": true,
    "popup_position": "bottom-right",
    "optimal_experts": 5,
    "network_access": false
  }
}
=========================== short test summary info ===========================
FAILED tests/test_branding_cleanup.py::test_no_legacy_branding_in_codebase - ...
============================== 1 failed in 0.53s ==============================
