============================= test session starts =============================
platform win32 -- Python 3.12.10, pytest-9.0.2, pluggy-1.6.0 -- C:\Users\dvdze\AppData\Local\Programs\Python\Python312\python.exe
cachedir: .pytest_cache
rootdir: C:\Users\dvdze\Documents\_Python\Dev\ZEN_AI_RAG
configfile: pytest.ini
plugins: anyio-4.12.1, asyncio-1.3.0, base-url-2.1.0, cov-7.0.0, mock-3.15.1, playwright-0.7.2, timeout-2.4.0, respx-0.22.0, typeguard-4.4.4
asyncio: mode=Mode.AUTO, debug=False, asyncio_default_fixture_loop_scope=session, asyncio_default_test_loop_scope=function
timeout: 30.0s
timeout method: thread
timeout func_only: False
collecting ... 
----------------------------- live log collection -----------------------------
2026-01-26 21:04:11 [    INFO] Loaded config from C:\Users\dvdze\Documents\_Python\Dev\ZEN_AI_RAG\config.json (config.py:41)
2026-01-26 21:04:11 [    INFO] Config Content: {
  "model_dir": "C:\\AI\\Models",
  "bin_dir": "C:\\Users\\dvdze\\Documents\\_Python\\Dev\\ZEN_AI_RAG\\_bin",
  "default_model": "qwen2.5-coder-7b-instruct-q4_k_m.gguf",
  "zena_mode": {
    "enabled": true,
    "language": "auto",
    "rag_source": "website",
    "website_url": "https://www.linkedin.com/in/georgehaber/",
    "voice_enabled": true,
    "popup_position": "bottom-right",
    "optimal_experts": 5,
    "network_access": false
  }
} (config.py:42)
2026-01-26 21:04:11 [    INFO] [DEBUG] Initializing zena_mode package... (utils.py:87)
2026-01-26 21:04:11 [    INFO] [DEBUG] Importing scraper... (utils.py:87)
2026-01-26 21:04:11 [    INFO] [DEBUG] Importing rag_pipeline (Heavy)... (utils.py:87)
2026-01-26 21:04:11 [    INFO] [DEBUG] Importing directory_scanner... (utils.py:87)
2026-01-26 21:04:15 [    INFO] Loading faiss with AVX512 support. (loader.py:120)
2026-01-26 21:04:15 [    INFO] Could not load library with AVX512 support due to:
ModuleNotFoundError("No module named 'faiss.swigfaiss_avx512'") (loader.py:125)
2026-01-26 21:04:15 [    INFO] Loading faiss with AVX2 support. (loader.py:132)
2026-01-26 21:04:15 [    INFO] Successfully loaded faiss with AVX2 support. (loader.py:134)
2026-01-26 21:04:15 [    INFO] [DEBUG] Importing voice_engine... (utils.py:87)
2026-01-26 21:04:15 [    INFO] [DEBUG] zena_mode package initialized. (utils.py:87)
2026-01-26 21:04:15 [    INFO] [AsyncBackend] Initialized with API: http://127.0.0.1:8001/v1/chat/completions (async_backend.py:22)
2026-01-26 21:04:15 [    INFO] [ResourceManager] Strategy: PARALLEL (Total: 91.6GB, Avail: 73.0GB) (resource_manager.py:137)
2026-01-26 21:04:15 [    INFO] [DEBUG] Importing config... (utils.py:87)
2026-01-26 21:04:15 [    INFO] [DEBUG] Importing utils... (utils.py:87)
2026-01-26 21:04:15 [    INFO] [DEBUG] Ensuring psutil... (utils.py:87)
2026-01-26 21:04:15 [    INFO] [DEBUG] Importing psutil... (utils.py:87)
2026-01-26 21:04:15 [    INFO] [ChatHistory] Initialized with max 100 messages (state_management.py:65)
collected 254 items

tests/Test_RAGED_info.py::test_rag_retrieval_content 
-------------------------------- live log call --------------------------------
2026-01-26 21:04:15 [    INFO] [RAG] Lazy loading heavy dependencies (SentenceTransformers, Qdrant)... (rag_pipeline.py:108)
2026-01-26 21:04:15 [    INFO] [RAG] Dependencies loaded. (rag_pipeline.py:114)
2026-01-26 21:04:15 [    INFO] [RAG] Loading transformer: all-MiniLM-L6-v2 (rag_pipeline.py:70)
2026-01-26 21:04:15 [    INFO] [RAG] Created Qdrant collection: zenai_knowledge (rag_pipeline.py:171)
2026-01-26 21:04:15 [ WARNING] [RAG] Metadata load failed: not enough values to unpack (expected 2, got 0) (rag_pipeline.py:207)
2026-01-26 21:04:15 [ WARNING] [RAG] Metadata load failed: not enough values to unpack (expected 2, got 0) (rag_pipeline.py:207)
PASSED                                                                   [  0%]
tests/test_advanced_extractor.py::test_initialization PASSED             [  0%]
tests/test_advanced_extractor.py::test_type_detection PASSED             [  1%]
tests/test_advanced_extractor.py::test_bytes_routing PASSED              [  1%]
tests/test_analysis.py::test_analyze_and_write_report PASSED             [  1%]
tests/test_arbitrator_scaling.py::TestArbitratorScaling::test_arbitrator_discovers_scaled_swarm 
-------------------------------- live log call --------------------------------
2026-01-26 21:04:15 [    INFO] HTTP Request: GET http://127.0.0.1:8001/health "HTTP/1.1 200 OK" (_client.py:1025)
2026-01-26 21:04:15 [    INFO] HTTP Request: GET http://127.0.0.1:8005/health "HTTP/1.1 200 OK" (_client.py:1025)
2026-01-26 21:04:15 [    INFO] HTTP Request: GET http://127.0.0.1:8006/health "HTTP/1.1 200 OK" (_client.py:1025)
2026-01-26 21:04:16 [    INFO] HTTP Request: GET http://127.0.0.1:8001/health "HTTP/1.1 200 OK" (_client.py:1740)
2026-01-26 21:04:16 [    INFO] HTTP Request: GET http://127.0.0.1:8005/health "HTTP/1.1 200 OK" (_client.py:1740)
2026-01-26 21:04:16 [    INFO] HTTP Request: GET http://127.0.0.1:8006/health "HTTP/1.1 200 OK" (_client.py:1740)
PASSED                                                                   [  2%]
tests/test_async_model_management.py::test_set_active_model_mocked 
-------------------------------- live log call --------------------------------
2026-01-26 21:04:16 [    INFO] [AsyncBackend] Initialized with API: http://127.0.0.1:8001/v1/chat/completions (async_backend.py:22)
2026-01-26 21:04:16 [    INFO] HTTP Request: POST http://127.0.0.1:8002/models/load "HTTP/1.1 200 OK" (_client.py:1740)
PASSED                                                                   [  2%]
tests/test_async_model_management.py::test_set_active_model_failure 
-------------------------------- live log call --------------------------------
2026-01-26 21:04:16 [    INFO] [AsyncBackend] Initialized with API: http://127.0.0.1:8001/v1/chat/completions (async_backend.py:22)
2026-01-26 21:04:16 [    INFO] HTTP Request: POST http://127.0.0.1:8002/models/load "HTTP/1.1 500 Internal Server Error" (_client.py:1740)
PASSED                                                                   [  3%]
tests/test_async_model_management.py::test_download_model_mocked 
-------------------------------- live log call --------------------------------
2026-01-26 21:04:16 [    INFO] [AsyncBackend] Initialized with API: http://127.0.0.1:8001/v1/chat/completions (async_backend.py:22)
2026-01-26 21:04:16 [    INFO] HTTP Request: POST http://127.0.0.1:8002/models/download "HTTP/1.1 200 OK" (_client.py:1740)
PASSED                                                                   [  3%]
tests/test_async_refactor.py::TestAsyncRefactor::test_get_models_success 
-------------------------------- live log call --------------------------------
2026-01-26 21:04:16 [    INFO] [AsyncBackend] Initialized with API: http://127.0.0.1:8001/v1/chat/completions (async_backend.py:22)
PASSED                                                                   [  3%]
tests/test_async_refactor.py::TestAsyncRefactor::test_get_models_failure_fallback 
-------------------------------- live log call --------------------------------
2026-01-26 21:04:16 [    INFO] [AsyncBackend] Initialized with API: http://127.0.0.1:8001/v1/chat/completions (async_backend.py:22)
2026-01-26 21:04:16 [ WARNING] [ZenAIHub] API unavailable: Connection Refused (async_backend.py:40)
PASSED                                                                   [  4%]
tests/test_async_refactor.py::TestAsyncRefactor::test_download_model 
-------------------------------- live log call --------------------------------
2026-01-26 21:04:16 [    INFO] [AsyncBackend] Initialized with API: http://127.0.0.1:8001/v1/chat/completions (async_backend.py:22)
PASSED                                                                   [  4%]
tests/test_async_refactor.py::TestAsyncRefactor::test_set_active_model 
-------------------------------- live log call --------------------------------
2026-01-26 21:04:16 [    INFO] [AsyncBackend] Initialized with API: http://127.0.0.1:8001/v1/chat/completions (async_backend.py:22)
PASSED                                                                   [  5%]
tests/test_backend_integration.py::test_fetch_models_mocked 
-------------------------------- live log call --------------------------------
2026-01-26 21:04:16 [    INFO] [AsyncBackend] Initialized with API: http://127.0.0.1:8001/v1/chat/completions (async_backend.py:22)
2026-01-26 21:04:17 [    INFO] HTTP Request: GET http://127.0.0.1:8002/models/available "HTTP/1.1 200 OK" (_client.py:1740)
PASSED                                                                   [  5%]
tests/test_backend_integration.py::test_chat_completion_mocked 
-------------------------------- live log call --------------------------------
2026-01-26 21:04:17 [    INFO] [AsyncBackend] Initialized with API: http://127.0.0.1:8001/v1/chat/completions (async_backend.py:22)
2026-01-26 21:04:17 [    INFO] [AsyncBackend] Sending message: Say hello in English.... (async_backend.py:191)
2026-01-26 21:04:17 [    INFO] HTTP Request: POST http://127.0.0.1:8001/v1/chat/completions "HTTP/1.1 200 OK" (_client.py:1740)
2026-01-26 21:04:17 [    INFO] [AsyncBackend] Stream complete: 2 chunks (async_backend.py:206)
PASSED                                                                   [  5%]
tests/test_chat_ui.py::test_llm_backend PASSED                           [  6%]
tests/test_chat_ui.py::test_streaming_response PASSED                    [  6%]
tests/test_chat_ui.py::test_ui_endpoint PASSED                           [  7%]
tests/test_chat_ui.py::test_chat_ui_e2e_playwright PASSED                [  7%]
tests/test_config_swarm.py::TestConfigSwarm::test_swarm_defaults PASSED  [  7%]
tests/test_config_swarm.py::TestConfigSwarm::test_swarm_persistence 
-------------------------------- live log call --------------------------------
2026-01-26 21:04:27 [    INFO] [Config] Saved to test_config.json (config_system.py:96)
2026-01-26 21:04:27 [    INFO] [Config] Loaded from test_config.json (config_system.py:70)
PASSED                                                                   [  8%]
tests/test_conversation_memory.py::TestMessage::test_message_creation PASSED [  8%]
tests/test_conversation_memory.py::TestMessage::test_message_to_dict PASSED [  9%]
tests/test_conversation_memory.py::TestMessage::test_message_from_dict PASSED [  9%]
tests/test_conversation_memory.py::TestConversationDB::test_db_creation PASSED [  9%]
tests/test_conversation_memory.py::TestConversationDB::test_add_message PASSED [ 10%]
tests/test_conversation_memory.py::TestConversationDB::test_get_recent_messages PASSED [ 10%]
tests/test_conversation_memory.py::TestConversationDB::test_session_isolation PASSED [ 11%]
tests/test_conversation_memory.py::TestConversationMemory::test_initialization 
-------------------------------- live log call --------------------------------
2026-01-26 21:04:27 [    INFO] Use pytorch device_name: cpu (SentenceTransformer.py:219)
2026-01-26 21:04:27 [    INFO] Load pretrained SentenceTransformer: all-MiniLM-L6-v2 (SentenceTransformer.py:227)
2026-01-26 21:04:28 [    INFO] [ConvMemory] Initialized at C:\Users\dvdze\AppData\Local\Temp\pytest-of-Geo\pytest-149\test_initialization0 (conversation_memory.py:357)
PASSED                                                                   [ 11%]
tests/test_conversation_memory.py::TestConversationMemory::test_add_and_retrieve 
-------------------------------- live log call --------------------------------
2026-01-26 21:04:28 [    INFO] Use pytorch device_name: cpu (SentenceTransformer.py:219)
2026-01-26 21:04:28 [    INFO] Load pretrained SentenceTransformer: all-MiniLM-L6-v2 (SentenceTransformer.py:227)
2026-01-26 21:04:29 [    INFO] [ConvMemory] Initialized at C:\Users\dvdze\AppData\Local\Temp\pytest-of-Geo\pytest-149\test_add_and_retrieve0 (conversation_memory.py:357)
PASSED                                                                   [ 11%]
tests/test_conversation_memory.py::TestConversationMemory::test_semantic_search 
-------------------------------- live log call --------------------------------
2026-01-26 21:04:29 [    INFO] Use pytorch device_name: cpu (SentenceTransformer.py:219)
2026-01-26 21:04:29 [    INFO] Load pretrained SentenceTransformer: all-MiniLM-L6-v2 (SentenceTransformer.py:227)
2026-01-26 21:04:29 [    INFO] [ConvMemory] Initialized at C:\Users\dvdze\AppData\Local\Temp\pytest-of-Geo\pytest-149\test_semantic_search0 (conversation_memory.py:357)
PASSED                                                                   [ 12%]
tests/test_conversation_memory.py::TestConversationMemory::test_context_building 
-------------------------------- live log call --------------------------------
2026-01-26 21:04:29 [    INFO] Use pytorch device_name: cpu (SentenceTransformer.py:219)
2026-01-26 21:04:29 [    INFO] Load pretrained SentenceTransformer: all-MiniLM-L6-v2 (SentenceTransformer.py:227)
2026-01-26 21:04:30 [    INFO] [ConvMemory] Initialized at C:\Users\dvdze\AppData\Local\Temp\pytest-of-Geo\pytest-149\test_context_building0 (conversation_memory.py:357)
PASSED                                                                   [ 12%]
tests/test_conversation_memory.py::TestConversationMemory::test_contextual_prompt 
-------------------------------- live log call --------------------------------
2026-01-26 21:04:30 [    INFO] Use pytorch device_name: cpu (SentenceTransformer.py:219)
2026-01-26 21:04:30 [    INFO] Load pretrained SentenceTransformer: all-MiniLM-L6-v2 (SentenceTransformer.py:227)
2026-01-26 21:04:30 [    INFO] [ConvMemory] Initialized at C:\Users\dvdze\AppData\Local\Temp\pytest-of-Geo\pytest-149\test_contextual_prompt0 (conversation_memory.py:357)
PASSED                                                                   [ 12%]
tests/test_conversation_memory.py::TestConversationMemory::test_stats 
-------------------------------- live log call --------------------------------
2026-01-26 21:04:31 [    INFO] Use pytorch device_name: cpu (SentenceTransformer.py:219)
2026-01-26 21:04:31 [    INFO] Load pretrained SentenceTransformer: all-MiniLM-L6-v2 (SentenceTransformer.py:227)
2026-01-26 21:04:31 [    INFO] [ConvMemory] Initialized at C:\Users\dvdze\AppData\Local\Temp\pytest-of-Geo\pytest-149\test_stats0 (conversation_memory.py:357)
PASSED                                                                   [ 13%]
tests/test_conversation_memory.py::TestTopicExtraction::test_extract_topics 
-------------------------------- live log call --------------------------------
2026-01-26 21:04:31 [    INFO] Use pytorch device_name: cpu (SentenceTransformer.py:219)
2026-01-26 21:04:31 [    INFO] Load pretrained SentenceTransformer: all-MiniLM-L6-v2 (SentenceTransformer.py:227)
2026-01-26 21:04:32 [    INFO] [ConvMemory] Initialized at C:\Users\dvdze\AppData\Local\Temp\pytest-of-Geo\pytest-149\test_extract_topics0 (conversation_memory.py:357)
PASSED                                                                   [ 13%]
tests/test_conversation_memory.py::TestMultiSession::test_multiple_sessions 
-------------------------------- live log call --------------------------------
2026-01-26 21:04:32 [    INFO] Use pytorch device_name: cpu (SentenceTransformer.py:219)
2026-01-26 21:04:32 [    INFO] Load pretrained SentenceTransformer: all-MiniLM-L6-v2 (SentenceTransformer.py:227)
2026-01-26 21:04:32 [    INFO] [ConvMemory] Initialized at C:\Users\dvdze\AppData\Local\Temp\pytest-of-Geo\pytest-149\test_multiple_sessions0 (conversation_memory.py:357)
PASSED                                                                   [ 14%]
tests/test_conversation_memory.py::TestMultiSession::test_clear_session 
-------------------------------- live log call --------------------------------
2026-01-26 21:04:33 [    INFO] Use pytorch device_name: cpu (SentenceTransformer.py:219)
2026-01-26 21:04:33 [    INFO] Load pretrained SentenceTransformer: all-MiniLM-L6-v2 (SentenceTransformer.py:227)
2026-01-26 21:04:33 [    INFO] [ConvMemory] Initialized at C:\Users\dvdze\AppData\Local\Temp\pytest-of-Geo\pytest-149\test_clear_session0 (conversation_memory.py:357)
2026-01-26 21:04:33 [    INFO] [ConvMemory] Cleared in-memory data for session to_clear (conversation_memory.py:687)
PASSED                                                                   [ 14%]
tests/test_conversation_memory.py::TestIntegration::test_full_conversation_flow 
-------------------------------- live log call --------------------------------
2026-01-26 21:04:33 [    INFO] Use pytorch device_name: cpu (SentenceTransformer.py:219)
2026-01-26 21:04:33 [    INFO] Load pretrained SentenceTransformer: all-MiniLM-L6-v2 (SentenceTransformer.py:227)
2026-01-26 21:04:34 [    INFO] [ConvMemory] Initialized at C:\Users\dvdze\AppData\Local\Temp\pytest-of-Geo\pytest-149\test_full_conversation_flow0 (conversation_memory.py:357)
PASSED                                                                   [ 14%]
tests/test_conversation_memory.py::TestFactoryFunction::test_get_conversation_memory 
-------------------------------- live log call --------------------------------
2026-01-26 21:04:34 [    INFO] Use pytorch device_name: cpu (SentenceTransformer.py:219)
2026-01-26 21:04:34 [    INFO] Load pretrained SentenceTransformer: all-MiniLM-L6-v2 (SentenceTransformer.py:227)
2026-01-26 21:04:34 [    INFO] [ConvMemory] Initialized at C:\Users\dvdze\AppData\Local\Temp\pytest-of-Geo\pytest-149\test_get_conversation_memory0 (conversation_memory.py:357)
PASSED                                                                   [ 15%]
tests/test_decorators.py::TestDecorators::test_retry_sync_success 
-------------------------------- live log call --------------------------------
2026-01-26 21:04:34 [ WARNING] \u26a0\ufe0f [flaky] Attempt 1/3 failed: Fail. Retrying in 0.0s... (decorators.py:81)\nPASSED                                                                   [ 15%]
tests/test_decorators.py::TestDecorators::test_retry_sync_failure 
-------------------------------- live log call --------------------------------
2026-01-26 21:04:34 [ WARNING] \u26a0\ufe0f [failure] Attempt 1/2 failed: Always fail. Retrying in 0.0s... (decorators.py:81)\n2026-01-26 21:04:34 [   ERROR] \u274c [failure] Failed after 2 attempts: Always fail (decorators.py:76)\nPASSED                                                                   [ 16%]
tests/test_decorators.py::TestDecorators::test_retry_async 
-------------------------------- live log call --------------------------------
2026-01-26 21:04:34 [ WARNING] \u26a0\ufe0f [flaky_async] Attempt 1/3 failed: Async Fail. Retrying in 0.0s... (decorators.py:102)\nPASSED                                                                   [ 16%]
tests/test_decorators.py::TestDecorators::test_log_errors_default 
-------------------------------- live log call --------------------------------
2026-01-26 21:04:34 [   ERROR] \u274c [crasher] Error: Crash (decorators.py:136)\nTraceback (most recent call last):\n  File "C:\\Users\\dvdze\\Documents\\_Python\\Dev\\ZEN_AI_RAG\\_Extra_files\\decorators.py", line 134, in sync_wrapper\n    return func(*args, **kwargs)\n           ^^^^^^^^^^^^^^^^^^^^^\n  File "C:\\Users\\dvdze\\Documents\\_Python\\Dev\\ZEN_AI_RAG\\tests\\test_decorators.py", line 59, in crasher\n    raise RuntimeError("Crash")\nRuntimeError: Crash\nPASSED                                                                   [ 16%]
tests/test_decorators.py::TestDecorators::test_log_errors_async 
-------------------------------- live log call --------------------------------
2026-01-26 21:04:34 [   ERROR] \u274c [async_crasher] Error: Async Crash (decorators.py:153)\nTraceback (most recent call last):\n  File "C:\\Users\\dvdze\\Documents\\_Python\\Dev\\ZEN_AI_RAG\\_Extra_files\\decorators.py", line 151, in async_wrapper\n    return await func(*args, **kwargs)\n           ^^^^^^^^^^^^^^^^^^^^^^^^^^^\n  File "C:\\Users\\dvdze\\Documents\\_Python\\Dev\\ZEN_AI_RAG\\tests\\test_decorators.py", line 68, in async_crasher\n    raise RuntimeError("Async Crash")\nRuntimeError: Async Crash\nPASSED                                                                   [ 17%]
tests/test_decorators.py::TestDecorators::test_performance_critical_warning 
-------------------------------- live log call --------------------------------
2026-01-26 21:04:34 [ WARNING] \u26a0\ufe0f [slow_func] SLOW: 20.5ms (threshold: 10.0ms) (decorators.py:194)\nPASSED                                                                   [ 17%]
tests/test_decorators.py::TestDecorators::test_timer_logs 
-------------------------------- live log call --------------------------------
2026-01-26 21:04:34 [    INFO] \u23f1\ufe0f [timed_func] completed in 0.00s (decorators.py:33)\nPASSED                                                                   [ 18%]
tests/test_engine_control.py::test_engine_lifecycle 
