============================= test session starts =============================
platform win32 -- Python 3.12.10, pytest-9.0.2, pluggy-1.6.0
rootdir: C:\Users\dvdze\Documents\_Python\Dev\ZEN_AI_RAG
configfile: pytest.ini
plugins: anyio-4.12.1, asyncio-1.3.0, base-url-2.1.0, cov-7.0.0, mock-3.15.1, playwright-0.7.2, timeout-2.4.0, respx-0.22.0, typeguard-4.4.4
asyncio: mode=Mode.AUTO, debug=False, asyncio_default_fixture_loop_scope=session, asyncio_default_test_loop_scope=function
timeout: 30.0s
timeout method: thread
timeout func_only: False

----------------------------- live log collection -----------------------------
2026-01-26 21:01:36 [    INFO] Loaded config from C:\Users\dvdze\Documents\_Python\Dev\ZEN_AI_RAG\config.json (config.py:41)
2026-01-26 21:01:36 [    INFO] Config Content: {
  "model_dir": "C:\\AI\\Models",
  "bin_dir": "C:\\Users\\dvdze\\Documents\\_Python\\Dev\\ZEN_AI_RAG\\_bin",
  "default_model": "qwen2.5-coder-7b-instruct-q4_k_m.gguf",
  "zena_mode": {
    "enabled": true,
    "language": "auto",
    "rag_source": "website",
    "website_url": "https://www.linkedin.com/in/georgehaber/",
    "voice_enabled": true,
    "popup_position": "bottom-right",
    "optimal_experts": 5,
    "network_access": false
  }
} (config.py:42)
2026-01-26 21:01:36 [    INFO] [DEBUG] Initializing zena_mode package... (utils.py:87)
2026-01-26 21:01:36 [    INFO] [DEBUG] Importing scraper... (utils.py:87)
2026-01-26 21:01:36 [    INFO] [DEBUG] Importing rag_pipeline (Heavy)... (utils.py:87)
2026-01-26 21:01:36 [    INFO] [DEBUG] Importing directory_scanner... (utils.py:87)
2026-01-26 21:01:40 [    INFO] Loading faiss with AVX512 support. (loader.py:120)
2026-01-26 21:01:40 [    INFO] Could not load library with AVX512 support due to:
ModuleNotFoundError("No module named 'faiss.swigfaiss_avx512'") (loader.py:125)
2026-01-26 21:01:40 [    INFO] Loading faiss with AVX2 support. (loader.py:132)
2026-01-26 21:01:40 [    INFO] Successfully loaded faiss with AVX2 support. (loader.py:134)
2026-01-26 21:01:40 [    INFO] [DEBUG] Importing voice_engine... (utils.py:87)
2026-01-26 21:01:40 [    INFO] [DEBUG] zena_mode package initialized. (utils.py:87)
2026-01-26 21:01:40 [    INFO] [AsyncBackend] Initialized with API: http://127.0.0.1:8001/v1/chat/completions (async_backend.py:22)
2026-01-26 21:01:40 [    INFO] [DEBUG] Importing config... (utils.py:87)
2026-01-26 21:01:40 [    INFO] [DEBUG] Importing utils... (utils.py:87)
2026-01-26 21:01:40 [    INFO] [DEBUG] Ensuring psutil... (utils.py:87)
2026-01-26 21:01:40 [    INFO] [DEBUG] Importing psutil... (utils.py:87)
2026-01-26 21:01:40 [    INFO] [ResourceManager] Strategy: PARALLEL (Total: 91.6GB, Avail: 74.0GB) (resource_manager.py:137)
2026-01-26 21:01:40 [    INFO] [ChatHistory] Initialized with max 100 messages (state_management.py:65)
collected 280 items

tests/Test_RAGED_info.py::test_rag_retrieval_content 
-------------------------------- live log call --------------------------------
2026-01-26 21:01:40 [    INFO] [RAG] Lazy loading heavy dependencies (SentenceTransformers, Qdrant)... (rag_pipeline.py:108)
2026-01-26 21:01:40 [    INFO] [RAG] Dependencies loaded. (rag_pipeline.py:114)
2026-01-26 21:01:40 [    INFO] [RAG] Loading transformer: all-MiniLM-L6-v2 (rag_pipeline.py:70)
2026-01-26 21:01:40 [    INFO] [RAG] Created Qdrant collection: zenai_knowledge (rag_pipeline.py:171)
2026-01-26 21:01:40 [ WARNING] [RAG] Metadata load failed: not enough values to unpack (expected 2, got 0) (rag_pipeline.py:207)
2026-01-26 21:01:40 [ WARNING] [RAG] Metadata load failed: not enough values to unpack (expected 2, got 0) (rag_pipeline.py:207)
PASSED                                                                   [  0%]
tests/smoke_test_startup.py::test_zena_imports_successfully 
-------------------------------- live log call --------------------------------
2026-01-26 21:01:41 [    INFO] [Config] Zena Mode: True (zena.py:92)
2026-01-26 21:01:41 [    INFO] [RAG] Loading transformer: all-MiniLM-L6-v2 (rag_pipeline.py:70)
2026-01-26 21:01:41 [    INFO] [RAG] Created Qdrant collection: zenai_knowledge (rag_pipeline.py:171)
2026-01-26 21:01:41 [ WARNING] [RAG] Metadata load failed: not enough values to unpack (expected 2, got 0) (rag_pipeline.py:207)
2026-01-26 21:01:41 [    INFO] [RAG] RAG system initialized with lazy loading (zena.py:109)
2026-01-26 21:01:41 [    INFO] Use pytorch device_name: cpu (SentenceTransformer.py:219)
2026-01-26 21:01:41 [    INFO] Load pretrained SentenceTransformer: all-MiniLM-L6-v2 (SentenceTransformer.py:227)
2026-01-26 21:01:41 [    INFO] [ConvMemory] Initialized at C:\Users\dvdze\Documents\_Python\Dev\ZEN_AI_RAG\conversation_cache (conversation_memory.py:357)
2026-01-26 21:01:41 [    INFO] [Memory] Conversation memory initialized (zena.py:124)
2026-01-26 21:01:42 [    INFO] Imported existing <module 'comtypes.gen' from 'C:\\Users\\dvdze\\AppData\\Local\\Programs\\Python\\Python312\\Lib\\site-packages\\comtypes\\gen\\__init__.py'> (_code_cache.py:102)
2026-01-26 21:01:42 [    INFO] Using writeable comtypes cache directory: 'C:\Users\dvdze\AppData\Local\Programs\Python\Python312\Lib\site-packages\comtypes\gen' (_code_cache.py:83)
2026-01-26 21:01:42 [    INFO] [FeatureDetector] Available features: voice_tts, pdf, rag, audio (feature_detection.py:47)
2026-01-26 21:01:42 [    INFO] [FeatureDetector] Unavailable features: voice_stt (feature_detection.py:49)
2026-01-26 21:01:42 [    INFO] [Features] Feature detection complete (zena.py:136)
2026-01-26 21:01:42 [    INFO] [Cleanup] Upload cleanup policy initialized (zena.py:144)
PASSED                                                                   [  0%]
tests/smoke_test_startup.py::test_zenai_page_execution 
-------------------------------- live log call --------------------------------
2026-01-26 21:01:42 [    INFO] [Session] New client session: f048a620 (zena.py:206)
2026-01-26 21:01:42 [    INFO] [AsyncBackend] Initialized with API: http://127.0.0.1:8001/v1/chat/completions (async_backend.py:22)
2026-01-26 21:01:42 [    INFO] Settings loaded from C:\Users\dvdze\Documents\_Python\Dev\ZEN_AI_RAG\settings.json (settings.py:168)
PASSED                                                                   [  1%]
tests/test_advanced_extractor.py::test_initialization PASSED             [  1%]
tests/test_advanced_extractor.py::test_type_detection PASSED             [  1%]
tests/test_advanced_extractor.py::test_bytes_routing PASSED              [  2%]
tests/test_analysis.py::test_analyze_and_write_report PASSED             [  2%]
tests/test_arbitrator_scaling.py::TestArbitratorScaling::test_arbitrator_discovers_scaled_swarm 
-------------------------------- live log call --------------------------------
2026-01-26 21:01:42 [    INFO] HTTP Request: GET http://127.0.0.1:8001/health "HTTP/1.1 200 OK" (_client.py:1025)
2026-01-26 21:01:42 [    INFO] HTTP Request: GET http://127.0.0.1:8005/health "HTTP/1.1 200 OK" (_client.py:1025)
2026-01-26 21:01:42 [    INFO] HTTP Request: GET http://127.0.0.1:8006/health "HTTP/1.1 200 OK" (_client.py:1025)
2026-01-26 21:01:42 [    INFO] HTTP Request: GET http://127.0.0.1:8001/health "HTTP/1.1 200 OK" (_client.py:1740)
2026-01-26 21:01:42 [    INFO] HTTP Request: GET http://127.0.0.1:8005/health "HTTP/1.1 200 OK" (_client.py:1740)
2026-01-26 21:01:42 [    INFO] HTTP Request: GET http://127.0.0.1:8006/health "HTTP/1.1 200 OK" (_client.py:1740)
PASSED                                                                   [  2%]
tests/test_async_backend.py::TestAsyncZenAIBackend::test_initialization 
-------------------------------- live log call --------------------------------
2026-01-26 21:01:42 [    INFO] [AsyncBackend] Initialized with API: http://127.0.0.1:8001/v1/chat/completions (async_backend.py:22)
PASSED                                                                   [  3%]
tests/test_async_backend.py::TestAsyncZenAIBackend::test_context_manager 
-------------------------------- live log call --------------------------------
2026-01-26 21:01:42 [    INFO] [AsyncBackend] Initialized with API: http://127.0.0.1:8001/v1/chat/completions (async_backend.py:22)
PASSED                                                                   [  3%]
tests/test_async_backend.py::TestAsyncZenAIBackend::test_streaming_with_mock 
-------------------------------- live log call --------------------------------
2026-01-26 21:01:42 [    INFO] [AsyncBackend] Initialized with API: http://127.0.0.1:8001/v1/chat/completions (async_backend.py:22)
2026-01-26 21:01:42 [    INFO] [AsyncBackend] Sending message: test query... (async_backend.py:191)
2026-01-26 21:01:42 [    INFO] HTTP Request: POST http://127.0.0.1:8001/v1/chat/completions "HTTP/1.1 200 OK" (_client.py:1740)
2026-01-26 21:01:42 [    INFO] [AsyncBackend] Stream complete: 2 chunks (async_backend.py:206)
PASSED                                                                   [  3%]
tests/test_async_backend.py::TestAsyncZenAIBackend::test_hub_models_with_mock 
-------------------------------- live log call --------------------------------
2026-01-26 21:01:42 [    INFO] [AsyncBackend] Initialized with API: http://127.0.0.1:8001/v1/chat/completions (async_backend.py:22)
2026-01-26 21:01:42 [    INFO] HTTP Request: GET http://127.0.0.1:8002/models/available "HTTP/1.1 200 OK" (_client.py:1740)
PASSED                                                                   [  4%]
tests/test_async_backend.py::TestAsyncZenAIBackend::test_backend_has_required_methods 
-------------------------------- live log call --------------------------------
2026-01-26 21:01:42 [    INFO] [AsyncBackend] Initialized with API: http://127.0.0.1:8001/v1/chat/completions (async_backend.py:22)
PASSED                                                                   [  4%]
tests/test_async_backend.py::TestAsyncZenAIBackend::test_health_check_mocked 
-------------------------------- live log call --------------------------------
2026-01-26 21:01:42 [    INFO] [AsyncBackend] Initialized with API: http://127.0.0.1:8001/v1/chat/completions (async_backend.py:22)
2026-01-26 21:01:43 [    INFO] HTTP Request: GET http://127.0.0.1:8001/health "HTTP/1.1 200 OK" (_client.py:1740)
PASSED                                                                   [  5%]
tests/test_async_backend.py::TestAsyncZenAIBackend::test_health_check_failure 
-------------------------------- live log call --------------------------------
2026-01-26 21:01:43 [    INFO] [AsyncBackend] Initialized with API: http://127.0.0.1:8001/v1/chat/completions (async_backend.py:22)
2026-01-26 21:01:43 [    INFO] HTTP Request: GET http://127.0.0.1:8001/health "HTTP/1.1 500 Internal Server Error" (_client.py:1740)
PASSED                                                                   [  5%]
tests/test_async_backend.py::TestBackendCompatibility::test_old_backend_removed_completely PASSED [  5%]
tests/test_async_backend.py::TestBackendCompatibility::test_async_backend_available PASSED [  6%]
tests/test_async_model_management.py::test_set_active_model_mocked 
-------------------------------- live log call --------------------------------
2026-01-26 21:01:43 [    INFO] [AsyncBackend] Initialized with API: http://127.0.0.1:8001/v1/chat/completions (async_backend.py:22)
2026-01-26 21:01:43 [    INFO] HTTP Request: POST http://127.0.0.1:8002/models/load "HTTP/1.1 200 OK" (_client.py:1740)
PASSED                                                                   [  6%]
tests/test_async_model_management.py::test_set_active_model_failure 
-------------------------------- live log call --------------------------------
2026-01-26 21:01:43 [    INFO] [AsyncBackend] Initialized with API: http://127.0.0.1:8001/v1/chat/completions (async_backend.py:22)
2026-01-26 21:01:43 [    INFO] HTTP Request: POST http://127.0.0.1:8002/models/load "HTTP/1.1 500 Internal Server Error" (_client.py:1740)
PASSED                                                                   [  6%]
tests/test_async_model_management.py::test_download_model_mocked 
-------------------------------- live log call --------------------------------
2026-01-26 21:01:43 [    INFO] [AsyncBackend] Initialized with API: http://127.0.0.1:8001/v1/chat/completions (async_backend.py:22)
2026-01-26 21:01:43 [    INFO] HTTP Request: POST http://127.0.0.1:8002/models/download "HTTP/1.1 200 OK" (_client.py:1740)
PASSED                                                                   [  7%]
tests/test_async_refactor.py::TestAsyncRefactor::test_get_models_success 
-------------------------------- live log call --------------------------------
2026-01-26 21:01:43 [    INFO] [AsyncBackend] Initialized with API: http://127.0.0.1:8001/v1/chat/completions (async_backend.py:22)
PASSED                                                                   [  7%]
tests/test_async_refactor.py::TestAsyncRefactor::test_get_models_failure_fallback 
-------------------------------- live log call --------------------------------
2026-01-26 21:01:43 [    INFO] [AsyncBackend] Initialized with API: http://127.0.0.1:8001/v1/chat/completions (async_backend.py:22)
2026-01-26 21:01:43 [ WARNING] [ZenAIHub] API unavailable: Connection Refused (async_backend.py:40)
PASSED                                                                   [  7%]
tests/test_async_refactor.py::TestAsyncRefactor::test_download_model 
-------------------------------- live log call --------------------------------
2026-01-26 21:01:43 [    INFO] [AsyncBackend] Initialized with API: http://127.0.0.1:8001/v1/chat/completions (async_backend.py:22)
PASSED                                                                   [  8%]
tests/test_async_refactor.py::TestAsyncRefactor::test_set_active_model 
-------------------------------- live log call --------------------------------
2026-01-26 21:01:43 [    INFO] [AsyncBackend] Initialized with API: http://127.0.0.1:8001/v1/chat/completions (async_backend.py:22)
PASSED                                                                   [  8%]
tests/test_backend_integration.py::test_fetch_models_mocked 
-------------------------------- live log call --------------------------------
2026-01-26 21:01:43 [    INFO] [AsyncBackend] Initialized with API: http://127.0.0.1:8001/v1/chat/completions (async_backend.py:22)
2026-01-26 21:01:43 [    INFO] HTTP Request: GET http://127.0.0.1:8002/models/available "HTTP/1.1 200 OK" (_client.py:1740)
PASSED                                                                   [  8%]
tests/test_backend_integration.py::test_chat_completion_mocked 
-------------------------------- live log call --------------------------------
2026-01-26 21:01:43 [    INFO] [AsyncBackend] Initialized with API: http://127.0.0.1:8001/v1/chat/completions (async_backend.py:22)
2026-01-26 21:01:44 [    INFO] [AsyncBackend] Sending message: Say hello in English.... (async_backend.py:191)
2026-01-26 21:01:44 [    INFO] HTTP Request: POST http://127.0.0.1:8001/v1/chat/completions "HTTP/1.1 200 OK" (_client.py:1740)
2026-01-26 21:01:44 [    INFO] [AsyncBackend] Stream complete: 2 chunks (async_backend.py:206)
PASSED                                                                   [  9%]
tests/test_branding_cleanup.py::test_no_legacy_branding_in_codebase PASSED [  9%]
tests/test_chat_ui.py::test_llm_backend PASSED                           [ 10%]
tests/test_chat_ui.py::test_streaming_response PASSED                    [ 10%]
tests/test_chat_ui.py::test_ui_endpoint PASSED                           [ 10%]
tests/test_chat_ui.py::test_chat_ui_e2e_playwright PASSED                [ 11%]
tests/test_config_swarm.py::TestConfigSwarm::test_swarm_defaults PASSED  [ 11%]
tests/test_config_swarm.py::TestConfigSwarm::test_swarm_persistence 
-------------------------------- live log call --------------------------------
2026-01-26 21:01:53 [    INFO] [Config] Saved to test_config.json (config_system.py:96)
2026-01-26 21:01:53 [    INFO] [Config] Loaded from test_config.json (config_system.py:70)
PASSED                                                                   [ 11%]
tests/test_conversation_memory.py::TestMessage::test_message_creation PASSED [ 12%]
tests/test_conversation_memory.py::TestMessage::test_message_to_dict PASSED [ 12%]
tests/test_conversation_memory.py::TestMessage::test_message_from_dict PASSED [ 12%]
tests/test_conversation_memory.py::TestConversationDB::test_db_creation PASSED [ 13%]
tests/test_conversation_memory.py::TestConversationDB::test_add_message PASSED [ 13%]
tests/test_conversation_memory.py::TestConversationDB::test_get_recent_messages PASSED [ 13%]
tests/test_conversation_memory.py::TestConversationDB::test_session_isolation PASSED [ 14%]
tests/test_conversation_memory.py::TestConversationMemory::test_initialization 
-------------------------------- live log call --------------------------------
2026-01-26 21:01:54 [    INFO] Use pytorch device_name: cpu (SentenceTransformer.py:219)
2026-01-26 21:01:54 [    INFO] Load pretrained SentenceTransformer: all-MiniLM-L6-v2 (SentenceTransformer.py:227)
2026-01-26 21:01:54 [    INFO] [ConvMemory] Initialized at C:\Users\dvdze\AppData\Local\Temp\pytest-of-Geo\pytest-147\test_initialization0 (conversation_memory.py:357)
PASSED                                                                   [ 14%]
tests/test_conversation_memory.py::TestConversationMemory::test_add_and_retrieve 
-------------------------------- live log call --------------------------------
2026-01-26 21:01:54 [    INFO] Use pytorch device_name: cpu (SentenceTransformer.py:219)
2026-01-26 21:01:54 [    INFO] Load pretrained SentenceTransformer: all-MiniLM-L6-v2 (SentenceTransformer.py:227)
2026-01-26 21:01:54 [    INFO] [ConvMemory] Initialized at C:\Users\dvdze\AppData\Local\Temp\pytest-of-Geo\pytest-147\test_add_and_retrieve0 (conversation_memory.py:357)
PASSED                                                                   [ 15%]
tests/test_conversation_memory.py::TestConversationMemory::test_semantic_search 
-------------------------------- live log call --------------------------------
2026-01-26 21:01:55 [    INFO] Use pytorch device_name: cpu (SentenceTransformer.py:219)
2026-01-26 21:01:55 [    INFO] Load pretrained SentenceTransformer: all-MiniLM-L6-v2 (SentenceTransformer.py:227)
2026-01-26 21:01:55 [    INFO] [ConvMemory] Initialized at C:\Users\dvdze\AppData\Local\Temp\pytest-of-Geo\pytest-147\test_semantic_search0 (conversation_memory.py:357)
PASSED                                                                   [ 15%]
tests/test_conversation_memory.py::TestConversationMemory::test_context_building 
-------------------------------- live log call --------------------------------
2026-01-26 21:01:55 [    INFO] Use pytorch device_name: cpu (SentenceTransformer.py:219)
2026-01-26 21:01:55 [    INFO] Load pretrained SentenceTransformer: all-MiniLM-L6-v2 (SentenceTransformer.py:227)
2026-01-26 21:01:56 [    INFO] [ConvMemory] Initialized at C:\Users\dvdze\AppData\Local\Temp\pytest-of-Geo\pytest-147\test_context_building0 (conversation_memory.py:357)
PASSED                                                                   [ 15%]
tests/test_conversation_memory.py::TestConversationMemory::test_contextual_prompt 
-------------------------------- live log call --------------------------------
2026-01-26 21:01:56 [    INFO] Use pytorch device_name: cpu (SentenceTransformer.py:219)
2026-01-26 21:01:56 [    INFO] Load pretrained SentenceTransformer: all-MiniLM-L6-v2 (SentenceTransformer.py:227)
2026-01-26 21:01:56 [    INFO] [ConvMemory] Initialized at C:\Users\dvdze\AppData\Local\Temp\pytest-of-Geo\pytest-147\test_contextual_prompt0 (conversation_memory.py:357)
PASSED                                                                   [ 16%]
tests/test_conversation_memory.py::TestConversationMemory::test_stats 
-------------------------------- live log call --------------------------------
2026-01-26 21:01:56 [    INFO] Use pytorch device_name: cpu (SentenceTransformer.py:219)
2026-01-26 21:01:56 [    INFO] Load pretrained SentenceTransformer: all-MiniLM-L6-v2 (SentenceTransformer.py:227)
2026-01-26 21:01:57 [    INFO] [ConvMemory] Initialized at C:\Users\dvdze\AppData\Local\Temp\pytest-of-Geo\pytest-147\test_stats0 (conversation_memory.py:357)
PASSED                                                                   [ 16%]
tests/test_conversation_memory.py::TestTopicExtraction::test_extract_topics 
-------------------------------- live log call --------------------------------
2026-01-26 21:01:57 [    INFO] Use pytorch device_name: cpu (SentenceTransformer.py:219)
2026-01-26 21:01:57 [    INFO] Load pretrained SentenceTransformer: all-MiniLM-L6-v2 (SentenceTransformer.py:227)
2026-01-26 21:01:57 [    INFO] [ConvMemory] Initialized at C:\Users\dvdze\AppData\Local\Temp\pytest-of-Geo\pytest-147\test_extract_topics0 (conversation_memory.py:357)
PASSED                                                                   [ 16%]
tests/test_conversation_memory.py::TestMultiSession::test_multiple_sessions 
-------------------------------- live log call --------------------------------
2026-01-26 21:01:57 [    INFO] Use pytorch device_name: cpu (SentenceTransformer.py:219)
2026-01-26 21:01:57 [    INFO] Load pretrained SentenceTransformer: all-MiniLM-L6-v2 (SentenceTransformer.py:227)
2026-01-26 21:01:58 [    INFO] [ConvMemory] Initialized at C:\Users\dvdze\AppData\Local\Temp\pytest-of-Geo\pytest-147\test_multiple_sessions0 (conversation_memory.py:357)
PASSED                                                                   [ 17%]
tests/test_conversation_memory.py::TestMultiSession::test_clear_session 
-------------------------------- live log call --------------------------------
2026-01-26 21:01:58 [    INFO] Use pytorch device_name: cpu (SentenceTransformer.py:219)
2026-01-26 21:01:58 [    INFO] Load pretrained SentenceTransformer: all-MiniLM-L6-v2 (SentenceTransformer.py:227)
2026-01-26 21:01:58 [    INFO] [ConvMemory] Initialized at C:\Users\dvdze\AppData\Local\Temp\pytest-of-Geo\pytest-147\test_clear_session0 (conversation_memory.py:357)
2026-01-26 21:01:58 [    INFO] [ConvMemory] Cleared in-memory data for session to_clear (conversation_memory.py:687)
PASSED                                                                   [ 17%]
tests/test_conversation_memory.py::TestIntegration::test_full_conversation_flow 
-------------------------------- live log call --------------------------------
2026-01-26 21:01:58 [    INFO] Use pytorch device_name: cpu (SentenceTransformer.py:219)
2026-01-26 21:01:58 [    INFO] Load pretrained SentenceTransformer: all-MiniLM-L6-v2 (SentenceTransformer.py:227)
2026-01-26 21:01:59 [    INFO] [ConvMemory] Initialized at C:\Users\dvdze\AppData\Local\Temp\pytest-of-Geo\pytest-147\test_full_conversation_flow0 (conversation_memory.py:357)
PASSED                                                                   [ 17%]
tests/test_conversation_memory.py::TestFactoryFunction::test_get_conversation_memory 
-------------------------------- live log call --------------------------------
2026-01-26 21:01:59 [    INFO] Use pytorch device_name: cpu (SentenceTransformer.py:219)
2026-01-26 21:01:59 [    INFO] Load pretrained SentenceTransformer: all-MiniLM-L6-v2 (SentenceTransformer.py:227)
2026-01-26 21:01:59 [    INFO] [ConvMemory] Initialized at C:\Users\dvdze\AppData\Local\Temp\pytest-of-Geo\pytest-147\test_get_conversation_memory0 (conversation_memory.py:357)
PASSED                                                                   [ 18%]
tests/test_coverage_boost.py::TestCoverageBoost::test_env_int PASSED     [ 18%]
tests/test_coverage_boost.py::TestCoverageBoost::test_check_processes 
-------------------------------- live log call --------------------------------
2026-01-26 21:01:59 [    INFO] [Monitor] Registered CRITICAL process: Test (PID: <Mock name='mock.pid' id='2255778318048'>) (server.py:145)
PASSED                                                                   [ 18%]
tests/test_coverage_boost.py::TestCoverageBoost::test_kill_process_tree PASSED [ 19%]
tests/test_coverage_boost.py::TestCoverageBoost::test_kill_process_by_name PASSED [ 19%]
tests/test_coverage_boost.py::TestCoverageBoost::test_register_process_updates_globals 
-------------------------------- live log call --------------------------------
2026-01-26 21:01:59 [    INFO] [Monitor] Registered process: Unit-Test-Proc (PID: <Mock name='mock.pid' id='2255778328608'>) (server.py:145)
PASSED                                                                   [ 20%]
tests/test_coverage_boost.py::TestCoverageBoost::test_launch_expert_process_env 
-------------------------------- live log call --------------------------------
2026-01-26 21:01:59 [    INFO] [Monitor] Registered process: Expert-9000 (PID: <MagicMock name='Popen().pid' id='2255778323472'>) (server.py:145)
PASSED                                                                   [ 20%]
tests/test_coverage_boost.py::TestCoverageBoost::test_scale_swarm_integration PASSED [ 20%]
tests/test_coverage_boost.py::TestCoverageBoost::test_start_hub_daemon 
-------------------------------- live log call --------------------------------
2026-01-26 21:01:59 [    INFO] [*] Attempting to start Hub API on port 8002... (utils.py:87)
2026-01-26 21:01:59 [    INFO] [*] Hub API listening on Port 8002 (utils.py:87)
PASSED                                                                   [ 21%]
tests/test_coverage_boost.py::TestCoverageBoost::test_start_voice_stream_server PASSED [ 21%]
tests/test_coverage_boost.py::TestCoverageBoost::test_start_server_guard_bypass 
-------------------------------- live log call --------------------------------
2026-01-26 21:01:59 [    INFO] [*] Pre-flight Cleanup: Checking Ports... (utils.py:87)
2026-01-26 21:01:59 [    INFO] [SmartKill] Terminating python.exe (PID 25312) on Port 8002 (utils.py:320)
