============================= test session starts =============================
platform win32 -- Python 3.12.10, pytest-9.0.2, pluggy-1.6.0
rootdir: C:\Users\dvdze\Documents\_Python\Dev\ZEN_AI_RAG
configfile: pytest.ini
plugins: anyio-4.12.1, asyncio-1.3.0, base-url-2.1.0, cov-7.0.0, mock-3.15.1, playwright-0.7.2, timeout-2.4.0, respx-0.22.0, typeguard-4.4.4
asyncio: mode=Mode.AUTO, debug=False, asyncio_default_fixture_loop_scope=session, asyncio_default_test_loop_scope=function
timeout: 30.0s
timeout method: thread
timeout func_only: False

----------------------------- live log collection -----------------------------
2026-02-04 00:10:28 [    INFO] [Config] Redirected MODEL_DIR to store: C:\AI\Models (config_system.py:217)
2026-02-04 00:10:32 [    INFO] Loading faiss with AVX512 support. (loader.py:120)
2026-02-04 00:10:32 [    INFO] Could not load library with AVX512 support due to:
ModuleNotFoundError("No module named 'faiss.swigfaiss_avx512'") (loader.py:125)
2026-02-04 00:10:32 [    INFO] Loading faiss with AVX2 support. (loader.py:132)
2026-02-04 00:10:32 [    INFO] Successfully loaded faiss with AVX2 support. (loader.py:134)
2026-02-04 00:10:32 [    INFO] [AsyncBackend] Initialized with API: http://127.0.0.1:8001/v1/chat/completions (async_backend.py:25)
2026-02-04 00:10:32 [    INFO] [ResourceManager] Strategy: PARALLEL (Total: 91.6GB, Avail: 71.6GB) (resource_manager.py:137)
2026-02-04 00:10:32 [    INFO] [ChatHistory] Initialized with max 100 messages (state_management.py:66)
collected 613 items / 1 skipped

tests/Test_RAGED_info.py::test_rag_retrieval_content 
-------------------------------- live log call --------------------------------
2026-02-04 00:10:33 [    INFO] [RAG] Lazy loading heavy dependencies (SentenceTransformers, Qdrant)... (rag_pipeline.py:259)
2026-02-04 00:10:33 [    INFO] [RAG] Dependencies loaded. (rag_pipeline.py:265)
2026-02-04 00:10:33 [    INFO] [RAG] Loading transformer: BAAI/bge-base-en-v1.5 (Target Device: cuda) (rag_pipeline.py:175)
2026-02-04 00:10:33 [ WARNING] [RAG] GPU requested but not available. Falling back to CPU. (rag_pipeline.py:181)
2026-02-04 00:10:33 [    INFO] [RAG] Created Qdrant collection: zenai_knowledge_<MagicMock name='mock.SentenceTransformer().get_sentence_embedding_dimension()' id='2002873279424'> (rag_pipeline.py:331)
2026-02-04 00:10:33 [ WARNING] [RAG] Metadata load failed: not enough values to unpack (expected 2, got 0) (rag_pipeline.py:371)
2026-02-04 00:10:33 [    INFO] [Vision] YOLOv26 model 'yolo26n.pt' loaded successfully (vision_engine.py:37)
2026-02-04 00:10:33 [ WARNING] [RAG] Metadata load failed: not enough values to unpack (expected 2, got 0) (rag_pipeline.py:371)
2026-02-04 00:10:33 [    INFO] [Profiler] RAG Semantic Search took 1.5ms (profiler.py:67)
PASSED                                                                   [  0%]
tests/smoke_test_startup.py::test_zena_imports_successfully 
-------------------------------- live log call --------------------------------
2026-02-04 00:10:33 [    INFO] [Core] v3.1 Spec Initialization | Mode: Native | Swarm: True (bootstrap.py:50)
2026-02-04 00:10:33 [    INFO] [RAG] Universal Extractor ready for OCR (bootstrap.py:62)
2026-02-04 00:10:33 [    INFO] [RAG] Loading transformer: BAAI/bge-base-en-v1.5 (Target Device: cuda) (rag_pipeline.py:175)
2026-02-04 00:10:33 [ WARNING] [RAG] GPU requested but not available. Falling back to CPU. (rag_pipeline.py:181)
2026-02-04 00:10:33 [    INFO] [RAG] Created Qdrant collection: zenai_knowledge_<MagicMock name='mock.SentenceTransformer().get_sentence_embedding_dimension()' id='2002873279424'> (rag_pipeline.py:331)
2026-02-04 00:10:33 [ WARNING] [RAG] Metadata load failed: not enough values to unpack (expected 2, got 0) (rag_pipeline.py:371)
2026-02-04 00:10:33 [    INFO] [RAG] RAG system initialized (bootstrap.py:72)
2026-02-04 00:10:33 [    INFO] Use pytorch device_name: cpu (SentenceTransformer.py:219)
2026-02-04 00:10:33 [    INFO] Load pretrained SentenceTransformer: all-MiniLM-L6-v2 (SentenceTransformer.py:227)
2026-02-04 00:10:33 [    INFO] [ConvMemory] Initialized at C:\Users\dvdze\Documents\_Python\Dev\ZEN_AI_RAG\conversation_cache (conversation_memory.py:357)
2026-02-04 00:10:33 [    INFO] [Memory] Conversation memory initialized (bootstrap.py:84)
2026-02-04 00:10:33 [    INFO] Imported existing <module 'comtypes.gen' from 'C:\\Users\\dvdze\\AppData\\Local\\Programs\\Python\\Python312\\Lib\\site-packages\\comtypes\\gen\\__init__.py'> (_code_cache.py:102)
2026-02-04 00:10:33 [    INFO] Using writeable comtypes cache directory: 'C:\Users\dvdze\AppData\Local\Programs\Python\Python312\Lib\site-packages\comtypes\gen' (_code_cache.py:83)
2026-02-04 00:10:34 [    INFO] [FeatureDetector] Available features: voice_tts, pdf, rag, audio (feature_detection.py:47)
2026-02-04 00:10:34 [    INFO] [FeatureDetector] Unavailable features: voice_stt (feature_detection.py:49)
2026-02-04 00:10:34 [    INFO] [Features] Feature detection complete (bootstrap.py:91)
2026-02-04 00:10:34 [    INFO] [Cleanup] Upload cleanup policy initialized (bootstrap.py:96)
2026-02-04 00:10:34 [    INFO] \U0001f4da Indexing internal documentation for Interactive Help... (help_system.py:44)\n2026-02-04 00:10:34 [    INFO]   [+] Found: README.md (help_system.py:71)
2026-02-04 00:10:34 [    INFO]   [+] Found: USER_MANUAL.md (help_system.py:71)
2026-02-04 00:10:34 [    INFO]   [+] Found: zena_master_spec.md (help_system.py:71)
2026-02-04 00:10:34 [    INFO]   [+] Found: ARCHITECTURE_V2.md (help_system.py:71)
2026-02-04 00:10:34 [    INFO]   [+] Found: UI_REDESIGN_SPEC.md (help_system.py:71)
2026-02-04 00:10:34 [    INFO]   [+] Found: INSTALL.md (help_system.py:71)
2026-02-04 00:10:34 [    INFO]   [+] Found: RAG_VISUAL_GUIDE.md (help_system.py:71)
2026-02-04 00:10:34 [    INFO] \U0001f50d Indexing code docstrings in 'zena_mode'... (help_system.py:78)\n2026-02-04 00:10:34 [    INFO] [RAG] Ingested 0 chunks to Qdrant in 0.00s (rag_pipeline.py:520)
2026-02-04 00:10:34 [    INFO] [Profiler] RAG Indexing took 3.2ms (profiler.py:67)
2026-02-04 00:10:34 [    INFO] \u2705 Indexed 100 documentation/code sources. (help_system.py:109)\n2026-02-04 00:10:34 [    INFO] [HelpSystem] Internal documentation indexed for user assistance (bootstrap.py:103)
PASSED                                                                   [  0%]
tests/smoke_test_startup.py::test_zenai_page_execution PASSED            [  0%]
tests/test_advanced_extractor.py::test_initialization PASSED             [  0%]
tests/test_advanced_extractor.py::test_type_detection PASSED             [  0%]
tests/test_advanced_extractor.py::test_bytes_routing PASSED              [  0%]
tests/test_adversarial.py::TestConfigAbuse::test_missing_env_vars PASSED [  1%]
tests/test_adversarial.py::TestConfigAbuse::test_corrupted_settings_json PASSED [  1%]
tests/test_adversarial.py::TestConfigAbuse::test_extreme_port_numbers PASSED [  1%]
tests/test_adversarial.py::TestConfigAbuse::test_env_var_injection PASSED [  1%]
tests/test_adversarial.py::TestConfigAbuse::test_env_int_invalid PASSED  [  1%]
tests/test_adversarial.py::TestRAGStress::test_empty_query PASSED        [  1%]
tests/test_adversarial.py::TestRAGStress::test_unicode_edge_cases PASSED [  2%]
tests/test_adversarial.py::TestRAGStress::test_malformed_documents PASSED [  2%]
tests/test_adversarial.py::TestAsyncRaceConditions::test_concurrent_config_access PASSED [  2%]
tests/test_adversarial.py::TestAsyncRaceConditions::test_rapid_cache_operations PASSED [  2%]
tests/test_adversarial.py::TestSecurityEdgeCases::test_path_traversal PASSED [  2%]
tests/test_adversarial.py::TestSecurityEdgeCases::test_prompt_injection_patterns PASSED [  2%]
tests/test_adversarial.py::TestSecurityEdgeCases::test_oversized_input PASSED [  3%]
tests/test_adversarial.py::TestStateCorruption::test_null_byte_injection PASSED [  3%]
tests/test_adversarial.py::TestStateCorruption::test_deep_nesting PASSED [  3%]
tests/test_adversarial.py::TestStateCorruption::test_circular_reference_handling PASSED [  3%]
tests/test_adversarial.py::TestResourceExhaustion::test_thread_pool_exhaustion PASSED [  3%]
tests/test_adversarial.py::TestResourceExhaustion::test_memory_efficient_iteration PASSED [  3%]
tests/test_adversarial.py::TestTimingVulnerabilities::test_api_key_comparison_timing PASSED [  4%]
tests/test_adversarial.py::TestBoundaryConditions::test_empty_list_operations PASSED [  4%]
tests/test_adversarial.py::TestBoundaryConditions::test_single_element_operations PASSED [  4%]
tests/test_adversarial.py::TestBoundaryConditions::test_max_int_values PASSED [  4%]
tests/test_analysis.py::test_analyze_and_write_report PASSED             [  4%]
tests/test_arbitrage_integration.py::TestArbitrageIntegration::test_get_arbitrator_factory 
-------------------------------- live log call --------------------------------
2026-02-04 00:10:34 [    INFO] [Background] Starting Backend Orchestrator on port 8004... (background.py:28)
2026-02-04 00:10:34 [    INFO] [Background] Backend launch command issued. (background.py:43)
2026-02-04 00:10:34 [    INFO] HTTP Request: GET http://127.0.0.1:8001/health "HTTP/1.1 200 OK" (_client.py:1025)
2026-02-04 00:10:37 [ WARNING] [Background] Backend port still closed after simple launch. (background.py:48)
PASSED                                                                   [  4%]
tests/test_arbitrage_integration.py::TestArbitrageIntegration::test_arbitrator_has_enhanced_backend FAILED [  5%]
tests/test_arbitrage_integration.py::TestArbitrageIntegration::test_arbitrator_backward_compatible_ports PASSED [  5%]
tests/test_arbitrage_integration.py::TestArbitrageIntegration::test_get_cot_response_signature 
-------------------------------- live log call --------------------------------
2026-02-04 00:10:42 [    INFO] 
================================================================================ (utils.py:76)
2026-02-04 00:10:42 [    INFO]       \U0001f50d SWARM INQUIRY: What is 2+2?... (utils.py:76)\n2026-02-04 00:10:42 [    INFO] ================================================================================ (utils.py:76)
2026-02-04 00:10:42 [    INFO] [REASONING] Mode: Single-Model Reflection Loop (utils.py:76)
2026-02-04 00:10:42 [    INFO]   > Initial Logic (test-model): Test response... (utils.py:76)
2026-02-04 00:10:42 [    INFO]   > Self-Correction (test-model): Test response... (utils.py:76)
2026-02-04 00:10:42 [    INFO]   > Analysis [test-model] (0.50s): Test response... (utils.py:76)
2026-02-04 00:10:42 [    INFO]   > Analysis [test-model] (0.50s): Test response... (utils.py:76)
FAILED                                                                   [  5%]
tests/test_arbitrage_integration.py::TestArbitrageIntegration::test_calculate_consensus_uses_enhanced_method PASSED [  5%]
tests/test_arbitrage_integration.py::TestArbitrageIntegration::test_query_model_uses_timeout FAILED [  5%]
tests/test_arbitrage_integration.py::TestArbitrageIntegration::test_partial_failure_handling 
-------------------------------- live log call --------------------------------
2026-02-04 00:10:43 [    INFO] 
================================================================================ (utils.py:76)
2026-02-04 00:10:43 [    INFO]       \U0001f50d SWARM INQUIRY: Test query... (utils.py:76)\n2026-02-04 00:10:43 [    INFO] ================================================================================ (utils.py:76)
2026-02-04 00:10:43 [    INFO] [REASONING] Querying 3 Knowledge Experts... (utils.py:76)
2026-02-04 00:10:43 [    INFO]   > Analysis [model-1] (0.50s): Answer A... (utils.py:76)
2026-02-04 00:10:43 [    INFO]   > Analysis [model-3] (0.60s): Answer A... (utils.py:76)
FAILED                                                                   [  5%]
tests/test_arbitrage_integration.py::TestArbitrageIntegration::test_confidence_extraction_integration FAILED [  6%]
tests/test_arbitrage_integration.py::TestArbitrageIntegration::test_performance_tracking_initialized FAILED [  6%]
tests/test_arbitrage_integration.py::TestDiscoveryCompatibility::test_discover_swarm_when_disabled 
-------------------------------- live log call --------------------------------
2026-02-04 00:10:43 [   ERROR] [Performance] DB Init Error: unable to open database file (arbitrage.py:63)
FAILED                                                                   [  6%]
tests/test_arbitrage_integration.py::TestDiscoveryCompatibility::test_discover_swarm_async_backend 
-------------------------------- live log call --------------------------------
2026-02-04 00:10:44 [   ERROR] [Performance] DB Init Error: unable to open database file (arbitrage.py:63)
FAILED                                                                   [  6%]
tests/test_arbitrator_scaling.py::TestArbitratorScaling::test_arbitrator_discovers_scaled_swarm 
-------------------------------- live log call --------------------------------
2026-02-04 00:10:44 [    INFO] HTTP Request: GET http://127.0.0.1:8001/health "HTTP/1.1 200 OK" (_client.py:1025)
2026-02-04 00:10:44 [    INFO] HTTP Request: GET http://127.0.0.1:8005/health "HTTP/1.1 200 OK" (_client.py:1025)
2026-02-04 00:10:44 [    INFO] HTTP Request: GET http://127.0.0.1:8006/health "HTTP/1.1 200 OK" (_client.py:1025)
2026-02-04 00:10:44 [    INFO] HTTP Request: GET http://127.0.0.1:8001/health "HTTP/1.1 200 OK" (_client.py:1740)
2026-02-04 00:10:44 [    INFO] HTTP Request: GET http://127.0.0.1:8005/health "HTTP/1.1 200 OK" (_client.py:1740)
2026-02-04 00:10:44 [    INFO] HTTP Request: GET http://127.0.0.1:8006/health "HTTP/1.1 200 OK" (_client.py:1740)
PASSED                                                                   [  6%]
tests/test_async_backend.py::TestAsyncZenAIBackend::test_initialization 
-------------------------------- live log call --------------------------------
2026-02-04 00:10:44 [    INFO] [AsyncBackend] Initialized with API: http://127.0.0.1:8001/v1/chat/completions (async_backend.py:25)
PASSED                                                                   [  6%]
tests/test_async_backend.py::TestAsyncZenAIBackend::test_context_manager 
-------------------------------- live log call --------------------------------
2026-02-04 00:10:44 [    INFO] [AsyncBackend] Initialized with API: http://127.0.0.1:8001/v1/chat/completions (async_backend.py:25)
PASSED                                                                   [  7%]
tests/test_async_backend.py::TestAsyncZenAIBackend::test_send_message_async_structure 
-------------------------------- live log call --------------------------------
2026-02-04 00:10:44 [    INFO] [AsyncBackend] Initialized with API: http://127.0.0.1:8001/v1/chat/completions (async_backend.py:25)
PASSED                                                                   [  7%]
tests/test_async_backend.py::TestAsyncZenAIBackend::test_backend_has_required_methods 
-------------------------------- live log call --------------------------------
2026-02-04 00:10:44 [    INFO] [AsyncBackend] Initialized with API: http://127.0.0.1:8001/v1/chat/completions (async_backend.py:25)
PASSED                                                                   [  7%]
tests/test_async_backend.py::TestBackendCompatibility::test_old_backend_removed_send_message PASSED [  7%]
tests/test_async_backend.py::TestBackendCompatibility::test_async_backend_available FAILED [  7%]
tests/test_async_model_management.py::test_set_active_model_mocked 
-------------------------------- live log call --------------------------------
2026-02-04 00:10:44 [    INFO] [AsyncBackend] Initialized with API: http://127.0.0.1:8001/v1/chat/completions (async_backend.py:25)
2026-02-04 00:10:45 [   ERROR] [ZenAIHub] Model switch failed: RESPX: <Request('POST', 'http://127.0.0.1:8004/models/load')> not mocked! (async_backend.py:102)
FAILED                                                                   [  7%]
tests/test_async_model_management.py::test_set_active_model_failure 
-------------------------------- live log call --------------------------------
2026-02-04 00:10:45 [    INFO] [AsyncBackend] Initialized with API: http://127.0.0.1:8001/v1/chat/completions (async_backend.py:25)
2026-02-04 00:10:45 [   ERROR] [ZenAIHub] Model switch failed: RESPX: <Request('POST', 'http://127.0.0.1:8004/models/load')> not mocked! (async_backend.py:102)
PASSED                                                                   [  7%]
tests/test_async_model_management.py::test_download_model_mocked 
-------------------------------- live log call --------------------------------
2026-02-04 00:10:45 [    INFO] [AsyncBackend] Initialized with API: http://127.0.0.1:8001/v1/chat/completions (async_backend.py:25)
2026-02-04 00:10:45 [   ERROR] [ZenAIHub] Download failed: RESPX: <Request('POST', 'http://127.0.0.1:8004/models/download')> not mocked! (async_backend.py:79)
FAILED                                                                   [  8%]
tests/test_async_refactor.py::TestAsyncRefactor::test_get_models_success 
-------------------------------- live log call --------------------------------
2026-02-04 00:10:45 [    INFO] [AsyncBackend] Initialized with API: http://127.0.0.1:8001/v1/chat/completions (async_backend.py:25)
FAILED                                                                   [  8%]
tests/test_async_refactor.py::TestAsyncRefactor::test_get_models_failure_fallback 
-------------------------------- live log call --------------------------------
2026-02-04 00:10:45 [    INFO] [AsyncBackend] Initialized with API: http://127.0.0.1:8001/v1/chat/completions (async_backend.py:25)
2026-02-04 00:10:45 [ WARNING] [ZenAIHub] API unavailable: Connection Refused (async_backend.py:43)
PASSED                                                                   [  8%]
tests/test_async_refactor.py::TestAsyncRefactor::test_download_model 
-------------------------------- live log call --------------------------------
2026-02-04 00:10:45 [    INFO] [AsyncBackend] Initialized with API: http://127.0.0.1:8001/v1/chat/completions (async_backend.py:25)
FAILED                                                                   [  8%]
tests/test_async_refactor.py::TestAsyncRefactor::test_set_active_model 
-------------------------------- live log call --------------------------------
2026-02-04 00:10:45 [    INFO] [AsyncBackend] Initialized with API: http://127.0.0.1:8001/v1/chat/completions (async_backend.py:25)
PASSED                                                                   [  8%]
tests/test_auto_updater.py::TestAutoUpdater::test_binary_swap_simulation 
-------------------------------- live log call --------------------------------
2026-02-04 00:10:45 [    INFO] Backed up current binary to llama-server.bak (auto_updater.py:115)
2026-02-04 00:10:45 [    INFO] Successfully swapped binary: llama-server.exe (auto_updater.py:119)
PASSED                                                                   [  8%]
tests/test_auto_updater.py::TestAutoUpdater::test_github_monitor 
-------------------------------- live log call --------------------------------
2026-02-04 00:10:45 [    INFO] \u2728 Shiny new version found: b4100 (Current: b4000) (auto_updater.py:88)\nPASSED                                                                   [  9%]
tests/test_auto_updater.py::TestAutoUpdater::test_version_comparison PASSED [  9%]
tests/test_backend_full.py::test_llm_chat 
-------------------------------- live log call --------------------------------
2026-02-04 00:10:45 [    INFO] [AsyncBackend] Initialized with API: http://127.0.0.1:8001/v1/chat/completions (async_backend.py:25)
2026-02-04 00:10:46 [    INFO] [AsyncBackend] Sending stable requests POST to: http://127.0.0.1:8001/v1/chat/completions (async_backend.py:207)
2026-02-04 00:10:50 [    INFO] [AsyncBackend] Stable Stream complete: 2 chunks in 0.2s (async_backend.py:257)
PASSED                                                                   [  9%]
tests/test_backend_full.py::test_rag_standalone 
-------------------------------- live log call --------------------------------
2026-02-04 00:10:50 [    INFO] [RAG] Loading transformer: BAAI/bge-base-en-v1.5 (Target Device: cuda) (rag_pipeline.py:175)
2026-02-04 00:10:50 [ WARNING] [RAG] GPU requested but not available. Falling back to CPU. (rag_pipeline.py:181)
2026-02-04 00:10:50 [    INFO] [RAG] Created Qdrant collection: zenai_knowledge_<MagicMock name='mock.SentenceTransformer().get_sentence_embedding_dimension()' id='2002873279424'> (rag_pipeline.py:331)
2026-02-04 00:10:50 [ WARNING] [RAG] Metadata load failed: not enough values to unpack (expected 2, got 0) (rag_pipeline.py:371)
2026-02-04 00:10:50 [    INFO] [RAG] Ingested 0 chunks to Qdrant in 0.00s (rag_pipeline.py:520)
2026-02-04 00:10:50 [    INFO] [Profiler] RAG Indexing took 0.0ms (profiler.py:67)
2026-02-04 00:10:50 [    INFO] [Profiler] RAG Semantic Search took 0.0ms (profiler.py:67)
PASSED                                                                   [  9%]
tests/test_backend_full.py::test_hub_api PASSED                          [  9%]
tests/test_backend_integration.py::test_fetch_models_mocked 
-------------------------------- live log call --------------------------------
2026-02-04 00:10:50 [    INFO] [AsyncBackend] Initialized with API: http://127.0.0.1:8001/v1/chat/completions (async_backend.py:25)
2026-02-04 00:10:50 [ WARNING] [ZenAIHub] API unavailable: RESPX: <Request('GET', 'http://127.0.0.1:8004/models/available')> not mocked! (async_backend.py:43)
FAILED                                                                   [  9%]
tests/test_backend_integration.py::test_chat_completion_mocked 
-------------------------------- live log call --------------------------------
2026-02-04 00:10:50 [    INFO] [AsyncBackend] Initialized with API: http://127.0.0.1:8001/v1/chat/completions (async_backend.py:25)
2026-02-04 00:10:51 [    INFO] [AsyncBackend] Sending stable requests POST to: http://127.0.0.1:8001/v1/chat/completions (async_backend.py:207)
2026-02-04 00:10:52 [    INFO] [AsyncBackend] Stable Stream complete: 9 chunks in 0.7s (async_backend.py:257)
FAILED                                                                   [ 10%]
tests/test_batch_engine.py::test_batch_analysis_logic PASSED             [ 10%]
tests/test_benchmark_logic.py::test_performance_monitor_singleton PASSED [ 10%]
tests/test_benchmark_logic.py::test_add_metric_and_average FAILED        [ 10%]
tests/test_benchmark_logic.py::test_tps_calculation_simulation FAILED    [ 10%]
tests/test_branding_cleanup.py::test_no_legacy_branding_in_codebase FAILED [ 10%]
tests/test_break_it.py::TestRealConfigBreaking::test_modify_config_at_runtime PASSED [ 11%]
tests/test_break_it.py::TestRealConfigBreaking::test_config_with_none_values PASSED [ 11%]
tests/test_break_it.py::TestRealConfigBreaking::test_settings_json_race_condition PASSED [ 11%]
tests/test_break_it.py::TestRealRAGBreaking::test_index_empty_documents 
------------------------------- live log setup --------------------------------
2026-02-04 00:10:52 [    INFO] [RAG] Loading transformer: BAAI/bge-base-en-v1.5 (Target Device: cuda) (rag_pipeline.py:175)
2026-02-04 00:10:52 [ WARNING] [RAG] GPU requested but not available. Falling back to CPU. (rag_pipeline.py:181)
2026-02-04 00:10:52 [    INFO] [RAG] Created Qdrant collection: zenai_knowledge_<MagicMock name='mock.SentenceTransformer().get_sentence_embedding_dimension()' id='2002873279424'> (rag_pipeline.py:331)
2026-02-04 00:10:52 [ WARNING] [RAG] Metadata load failed: not enough values to unpack (expected 2, got 0) (rag_pipeline.py:371)
-------------------------------- live log call --------------------------------
2026-02-04 00:10:52 [    INFO] [RAG] Ingested 0 chunks to Qdrant in 0.00s (rag_pipeline.py:520)
2026-02-04 00:10:52 [    INFO] [Profiler] RAG Indexing took 0.0ms (profiler.py:67)
2026-02-04 00:10:52 [    INFO] [Profiler] RAG Semantic Search took 0.0ms (profiler.py:67)
PASSED                                                                   [ 11%]
tests/test_break_it.py::TestRealRAGBreaking::test_search_before_index 
------------------------------- live log setup --------------------------------
2026-02-04 00:10:52 [    INFO] [RAG] Loading transformer: BAAI/bge-base-en-v1.5 (Target Device: cuda) (rag_pipeline.py:175)
2026-02-04 00:10:52 [ WARNING] [RAG] GPU requested but not available. Falling back to CPU. (rag_pipeline.py:181)
2026-02-04 00:10:52 [    INFO] [RAG] Created Qdrant collection: zenai_knowledge_<MagicMock name='mock.SentenceTransformer().get_sentence_embedding_dimension()' id='2002873279424'> (rag_pipeline.py:331)
2026-02-04 00:10:52 [ WARNING] [RAG] Metadata load failed: not enough values to unpack (expected 2, got 0) (rag_pipeline.py:371)
-------------------------------- live log call --------------------------------
2026-02-04 00:10:52 [    INFO] [Profiler] RAG Semantic Search took 0.0ms (profiler.py:67)
PASSED                                                                   [ 11%]
tests/test_break_it.py::TestRealRAGBreaking::test_index_duplicate_documents 
------------------------------- live log setup --------------------------------
2026-02-04 00:10:52 [    INFO] [RAG] Loading transformer: BAAI/bge-base-en-v1.5 (Target Device: cuda) (rag_pipeline.py:175)
2026-02-04 00:10:52 [ WARNING] [RAG] GPU requested but not available. Falling back to CPU. (rag_pipeline.py:181)
2026-02-04 00:10:52 [    INFO] [RAG] Created Qdrant collection: zenai_knowledge_<MagicMock name='mock.SentenceTransformer().get_sentence_embedding_dimension()' id='2002873279424'> (rag_pipeline.py:331)
2026-02-04 00:10:52 [ WARNING] [RAG] Metadata load failed: not enough values to unpack (expected 2, got 0) (rag_pipeline.py:371)
-------------------------------- live log call --------------------------------
2026-02-04 00:10:52 [    INFO] [RAG] Ingested 0 chunks to Qdrant in 0.00s (rag_pipeline.py:520)
2026-02-04 00:10:52 [    INFO] [Profiler] RAG Indexing took 0.0ms (profiler.py:67)
2026-02-04 00:10:52 [    INFO] [RAG] Ingested 0 chunks to Qdrant in 0.00s (rag_pipeline.py:520)
2026-02-04 00:10:52 [    INFO] [Profiler] RAG Indexing took 0.0ms (profiler.py:67)
2026-02-04 00:10:52 [    INFO] [RAG] Ingested 0 chunks to Qdrant in 0.00s (rag_pipeline.py:520)
2026-02-04 00:10:52 [    INFO] [Profiler] RAG Indexing took 0.0ms (profiler.py:67)
2026-02-04 00:10:52 [    INFO] [RAG] Ingested 0 chunks to Qdrant in 0.00s (rag_pipeline.py:520)
2026-02-04 00:10:52 [    INFO] [Profiler] RAG Indexing took 0.0ms (profiler.py:67)
2026-02-04 00:10:52 [    INFO] [RAG] Ingested 0 chunks to Qdrant in 0.00s (rag_pipeline.py:520)
2026-02-04 00:10:52 [    INFO] [Profiler] RAG Indexing took 0.0ms (profiler.py:67)
2026-02-04 00:10:52 [    INFO] [RAG] Ingested 0 chunks to Qdrant in 0.00s (rag_pipeline.py:520)
2026-02-04 00:10:52 [    INFO] [Profiler] RAG Indexing took 0.6ms (profiler.py:67)
2026-02-04 00:10:52 [    INFO] [RAG] Ingested 0 chunks to Qdrant in 0.00s (rag_pipeline.py:520)
2026-02-04 00:10:52 [    INFO] [Profiler] RAG Indexing took 0.0ms (profiler.py:67)
2026-02-04 00:10:52 [    INFO] [RAG] Ingested 0 chunks to Qdrant in 0.00s (rag_pipeline.py:520)
2026-02-04 00:10:52 [    INFO] [Profiler] RAG Indexing took 0.0ms (profiler.py:67)
2026-02-04 00:10:52 [    INFO] [RAG] Ingested 0 chunks to Qdrant in 0.00s (rag_pipeline.py:520)
2026-02-04 00:10:52 [    INFO] [Profiler] RAG Indexing took 0.0ms (profiler.py:67)
2026-02-04 00:10:52 [    INFO] [RAG] Ingested 0 chunks to Qdrant in 0.00s (rag_pipeline.py:520)
2026-02-04 00:10:52 [    INFO] [Profiler] RAG Indexing took 0.0ms (profiler.py:67)
FAILED                                                                   [ 11%]
tests/test_break_it.py::TestRealRAGBreaking::test_search_with_special_characters 
------------------------------- live log setup --------------------------------
2026-02-04 00:10:52 [    INFO] [RAG] Loading transformer: BAAI/bge-base-en-v1.5 (Target Device: cuda) (rag_pipeline.py:175)
2026-02-04 00:10:52 [ WARNING] [RAG] GPU requested but not available. Falling back to CPU. (rag_pipeline.py:181)
2026-02-04 00:10:52 [    INFO] [RAG] Created Qdrant collection: zenai_knowledge_<MagicMock name='mock.SentenceTransformer().get_sentence_embedding_dimension()' id='2002873279424'> (rag_pipeline.py:331)
2026-02-04 00:10:52 [ WARNING] [RAG] Metadata load failed: not enough values to unpack (expected 2, got 0) (rag_pipeline.py:371)
-------------------------------- live log call --------------------------------
2026-02-04 00:10:52 [    INFO] [RAG] Ingested 0 chunks to Qdrant in 0.00s (rag_pipeline.py:520)
2026-02-04 00:10:52 [    INFO] [Profiler] RAG Indexing took 0.0ms (profiler.py:67)
2026-02-04 00:10:52 [    INFO] [Profiler] RAG Semantic Search took 0.0ms (profiler.py:67)
2026-02-04 00:10:52 [    INFO] [Profiler] RAG Semantic Search took 0.0ms (profiler.py:67)
2026-02-04 00:10:52 [    INFO] [Profiler] RAG Semantic Search took 2.6ms (profiler.py:67)
2026-02-04 00:10:52 [    INFO] [Profiler] RAG Semantic Search took 0.5ms (profiler.py:67)
2026-02-04 00:10:52 [    INFO] [Profiler] RAG Semantic Search took 2.2ms (profiler.py:67)
2026-02-04 00:10:52 [    INFO] [Profiler] RAG Semantic Search took 0.0ms (profiler.py:67)
2026-02-04 00:10:52 [    INFO] [Profiler] RAG Semantic Search took 1.5ms (profiler.py:67)
PASSED                                                                   [ 12%]
tests/test_break_it.py::TestRealRAGBreaking::test_concurrent_index_and_search 
------------------------------- live log setup --------------------------------
2026-02-04 00:10:52 [    INFO] [RAG] Loading transformer: BAAI/bge-base-en-v1.5 (Target Device: cuda) (rag_pipeline.py:175)
2026-02-04 00:10:52 [ WARNING] [RAG] GPU requested but not available. Falling back to CPU. (rag_pipeline.py:181)
2026-02-04 00:10:52 [    INFO] [RAG] Created Qdrant collection: zenai_knowledge_<MagicMock name='mock.SentenceTransformer().get_sentence_embedding_dimension()' id='2002873279424'> (rag_pipeline.py:331)
2026-02-04 00:10:52 [ WARNING] [RAG] Metadata load failed: not enough values to unpack (expected 2, got 0) (rag_pipeline.py:371)
-------------------------------- live log call --------------------------------
2026-02-04 00:10:52 [    INFO] [RAG] Ingested 0 chunks to Qdrant in 0.00s (rag_pipeline.py:520)
2026-02-04 00:10:52 [    INFO] [Profiler] RAG Indexing took 0.0ms (profiler.py:67)
2026-02-04 00:10:52 [    INFO] [Profiler] RAG Semantic Search took 0.0ms (profiler.py:67)
2026-02-04 00:10:52 [    INFO] [RAG] Ingested 0 chunks to Qdrant in 0.00s (rag_pipeline.py:520)
2026-02-04 00:10:52 [    INFO] [Profiler] RAG Semantic Search took 0.6ms (profiler.py:67)
2026-02-04 00:10:52 [    INFO] [Profiler] RAG Semantic Search took 0.0ms (profiler.py:67)
2026-02-04 00:10:52 [    INFO] [Profiler] RAG Indexing took 0.6ms (profiler.py:67)
2026-02-04 00:10:52 [    INFO] [Profiler] RAG Semantic Search took 0.0ms (profiler.py:67)
2026-02-04 00:10:52 [    INFO] [Profiler] RAG Semantic Search took 0.0ms (profiler.py:67)
2026-02-04 00:10:52 [    INFO] [RAG] Ingested 0 chunks to Qdrant in 0.00s (rag_pipeline.py:520)
2026-02-04 00:10:52 [    INFO] [Profiler] RAG Semantic Search took 0.0ms (profiler.py:67)
2026-02-04 00:10:52 [    INFO] [Profiler] RAG Semantic Search took 0.0ms (profiler.py:67)
2026-02-04 00:10:52 [    INFO] [Profiler] RAG Indexing took 1.1ms (profiler.py:67)
2026-02-04 00:10:52 [    INFO] [Profiler] RAG Semantic Search took 0.0ms (profiler.py:67)
2026-02-04 00:10:52 [    INFO] [Profiler] RAG Semantic Search took 1.0ms (profiler.py:67)
2026-02-04 00:10:52 [    INFO] [RAG] Ingested 0 chunks to Qdrant in 0.00s (rag_pipeline.py:520)
2026-02-04 00:10:52 [    INFO] [Profiler] RAG Semantic Search took 0.0ms (profiler.py:67)
2026-02-04 00:10:52 [    INFO] [Profiler] RAG Semantic Search took 0.0ms (profiler.py:67)
2026-02-04 00:10:52 [    INFO] [Profiler] RAG Indexing took 0.0ms (profiler.py:67)
2026-02-04 00:10:52 [    INFO] [Profiler] RAG Semantic Search took 0.0ms (profiler.py:67)
2026-02-04 00:10:52 [    INFO] [Profiler] RAG Semantic Search took 0.0ms (profiler.py:67)
2026-02-04 00:10:52 [    INFO] [RAG] Ingested 0 chunks to Qdrant in 0.00s (rag_pipeline.py:520)
2026-02-04 00:10:52 [    INFO] [Profiler] RAG Semantic Search took 0.0ms (profiler.py:67)
2026-02-04 00:10:52 [    INFO] [Profiler] RAG Semantic Search took 0.0ms (profiler.py:67)
2026-02-04 00:10:52 [    INFO] [Profiler] RAG Indexing took 1.6ms (profiler.py:67)
2026-02-04 00:10:52 [    INFO] [Profiler] RAG Semantic Search took 0.0ms (profiler.py:67)
2026-02-04 00:10:52 [    INFO] [Profiler] RAG Semantic Search took 0.5ms (profiler.py:67)
2026-02-04 00:10:52 [    INFO] [RAG] Ingested 0 chunks to Qdrant in 0.00s (rag_pipeline.py:520)
2026-02-04 00:10:52 [    INFO] [Profiler] RAG Semantic Search took 0.0ms (profiler.py:67)
2026-02-04 00:10:52 [    INFO] [Profiler] RAG Semantic Search took 0.0ms (profiler.py:67)
2026-02-04 00:10:52 [    INFO] [Profiler] RAG Indexing took 0.0ms (profiler.py:67)
2026-02-04 00:10:52 [    INFO] [Profiler] RAG Semantic Search took 0.0ms (profiler.py:67)
2026-02-04 00:10:52 [    INFO] [Profiler] RAG Semantic Search took 1.0ms (profiler.py:67)
2026-02-04 00:10:52 [    INFO] [RAG] Ingested 0 chunks to Qdrant in 0.00s (rag_pipeline.py:520)
2026-02-04 00:10:52 [    INFO] [Profiler] RAG Semantic Search took 0.0ms (profiler.py:67)
2026-02-04 00:10:52 [    INFO] [Profiler] RAG Semantic Search took 0.0ms (profiler.py:67)
2026-02-04 00:10:52 [    INFO] [Profiler] RAG Indexing took 0.0ms (profiler.py:67)
2026-02-04 00:10:52 [    INFO] [Profiler] RAG Semantic Search took 0.0ms (profiler.py:67)
2026-02-04 00:10:52 [    INFO] [Profiler] RAG Semantic Search took 1.0ms (profiler.py:67)
2026-02-04 00:10:52 [    INFO] [RAG] Ingested 0 chunks to Qdrant in 0.00s (rag_pipeline.py:520)
2026-02-04 00:10:52 [    INFO] [Profiler] RAG Semantic Search took 0.0ms (profiler.py:67)
2026-02-04 00:10:52 [    INFO] [Profiler] RAG Semantic Search took 0.0ms (profiler.py:67)
2026-02-04 00:10:52 [    INFO] [Profiler] RAG Indexing took 0.6ms (profiler.py:67)
2026-02-04 00:10:52 [    INFO] [Profiler] RAG Semantic Search took 0.0ms (profiler.py:67)
2026-02-04 00:10:52 [    INFO] [Profiler] RAG Semantic Search took 0.5ms (profiler.py:67)
2026-02-04 00:10:52 [    INFO] [RAG] Ingested 0 chunks to Qdrant in 0.00s (rag_pipeline.py:520)
2026-02-04 00:10:52 [    INFO] [Profiler] RAG Semantic Search took 0.0ms (profiler.py:67)
2026-02-04 00:10:52 [    INFO] [Profiler] RAG Semantic Search took 0.0ms (profiler.py:67)
2026-02-04 00:10:52 [    INFO] [Profiler] RAG Indexing took 0.0ms (profiler.py:67)
2026-02-04 00:10:52 [    INFO] [Profiler] RAG Semantic Search took 0.0ms (profiler.py:67)
2026-02-04 00:10:52 [    INFO] [Profiler] RAG Semantic Search took 0.0ms (profiler.py:67)
2026-02-04 00:10:52 [    INFO] [RAG] Ingested 0 chunks to Qdrant in 0.00s (rag_pipeline.py:520)
2026-02-04 00:10:52 [    INFO] [Profiler] RAG Semantic Search took 0.0ms (profiler.py:67)
2026-02-04 00:10:52 [    INFO] [Profiler] RAG Semantic Search took 0.0ms (profiler.py:67)
2026-02-04 00:10:52 [    INFO] [Profiler] RAG Indexing took 1.6ms (profiler.py:67)
2026-02-04 00:10:52 [    INFO] [Profiler] RAG Semantic Search took 0.0ms (profiler.py:67)
2026-02-04 00:10:52 [    INFO] [Profiler] RAG Semantic Search took 0.0ms (profiler.py:67)
2026-02-04 00:10:52 [    INFO] [RAG] Ingested 0 chunks to Qdrant in 0.00s (rag_pipeline.py:520)
2026-02-04 00:10:52 [    INFO] [Profiler] RAG Semantic Search took 0.0ms (profiler.py:67)
2026-02-04 00:10:52 [    INFO] [Profiler] RAG Semantic Search took 0.0ms (profiler.py:67)
2026-02-04 00:10:52 [    INFO] [Profiler] RAG Indexing took 0.0ms (profiler.py:67)
2026-02-04 00:10:52 [    INFO] [Profiler] RAG Semantic Search took 1.6ms (profiler.py:67)
2026-02-04 00:10:52 [    INFO] [RAG] Ingested 0 chunks to Qdrant in 0.00s (rag_pipeline.py:520)
2026-02-04 00:10:52 [    INFO] [Profiler] RAG Indexing took 0.5ms (profiler.py:67)
2026-02-04 00:10:52 [    INFO] [RAG] Ingested 0 chunks to Qdrant in 0.00s (rag_pipeline.py:520)
2026-02-04 00:10:52 [    INFO] [Profiler] RAG Indexing took 0.0ms (profiler.py:67)
2026-02-04 00:10:52 [    INFO] [RAG] Ingested 0 chunks to Qdrant in 0.00s (rag_pipeline.py:520)
2026-02-04 00:10:52 [    INFO] [Profiler] RAG Indexing took 0.0ms (profiler.py:67)
2026-02-04 00:10:52 [    INFO] [RAG] Ingested 0 chunks to Qdrant in 0.00s (rag_pipeline.py:520)
2026-02-04 00:10:52 [    INFO] [Profiler] RAG Indexing took 1.0ms (profiler.py:67)
2026-02-04 00:10:52 [    INFO] [RAG] Ingested 0 chunks to Qdrant in 0.00s (rag_pipeline.py:520)
2026-02-04 00:10:52 [    INFO] [Profiler] RAG Indexing took 0.0ms (profiler.py:67)
2026-02-04 00:10:52 [    INFO] [RAG] Ingested 0 chunks to Qdrant in 0.00s (rag_pipeline.py:520)
2026-02-04 00:10:52 [    INFO] [Profiler] RAG Indexing took 0.0ms (profiler.py:67)
2026-02-04 00:10:52 [    INFO] [RAG] Ingested 0 chunks to Qdrant in 0.00s (rag_pipeline.py:520)
2026-02-04 00:10:52 [    INFO] [Profiler] RAG Indexing took 0.0ms (profiler.py:67)
2026-02-04 00:10:52 [    INFO] [RAG] Ingested 0 chunks to Qdrant in 0.00s (rag_pipeline.py:520)
2026-02-04 00:10:52 [    INFO] [Profiler] RAG Indexing took 0.0ms (profiler.py:67)
2026-02-04 00:10:52 [    INFO] [RAG] Ingested 0 chunks to Qdrant in 0.00s (rag_pipeline.py:520)
2026-02-04 00:10:52 [    INFO] [Profiler] RAG Indexing took 0.6ms (profiler.py:67)
PASSED                                                                   [ 12%]
tests/test_break_it.py::TestRealRAGBreaking::test_cache_consistency 
------------------------------- live log setup --------------------------------
2026-02-04 00:10:52 [    INFO] [RAG] Loading transformer: BAAI/bge-base-en-v1.5 (Target Device: cuda) (rag_pipeline.py:175)
2026-02-04 00:10:52 [ WARNING] [RAG] GPU requested but not available. Falling back to CPU. (rag_pipeline.py:181)
2026-02-04 00:10:52 [    INFO] [RAG] Created Qdrant collection: zenai_knowledge_<MagicMock name='mock.SentenceTransformer().get_sentence_embedding_dimension()' id='2002873279424'> (rag_pipeline.py:331)
2026-02-04 00:10:52 [ WARNING] [RAG] Metadata load failed: not enough values to unpack (expected 2, got 0) (rag_pipeline.py:371)
-------------------------------- live log call --------------------------------
2026-02-04 00:10:52 [    INFO] [RAG] Ingested 0 chunks to Qdrant in 0.00s (rag_pipeline.py:520)
2026-02-04 00:10:52 [    INFO] [Profiler] RAG Indexing took 2.1ms (profiler.py:67)
2026-02-04 00:10:52 [    INFO] [Profiler] RAG Semantic Search took 0.0ms (profiler.py:67)
FAILED                                                                   [ 12%]
tests/test_break_it.py::TestChunkerBreaking::test_chunk_binary_data PASSED [ 12%]
tests/test_break_it.py::TestChunkerBreaking::test_chunk_only_newlines PASSED [ 12%]
tests/test_break_it.py::TestChunkerBreaking::test_chunk_mixed_encodings PASSED [ 12%]
tests/test_break_it.py::TestChunkerBreaking::test_chunk_extremely_long_word PASSED [ 13%]
tests/test_break_it.py::TestUtilsBreaking::test_normalize_input_extremes PASSED [ 13%]
tests/test_break_it.py::TestUtilsBreaking::test_safe_print_with_encoding_issues 
-------------------------------- live log call --------------------------------
2026-02-04 00:10:52 [    INFO] Normal text (utils.py:76)
2026-02-04 00:10:52 [    INFO] Emoji: \U0001f389\U0001f525\U0001f4af (utils.py:76)\n2026-02-04 00:10:52 [    INFO] Chinese: \u4f60\u597d\u4e16\u754c (utils.py:76)\n2026-02-04 00:10:52 [    INFO] Arabic: \u0645\u0631\u062d\u0628\u0627 (utils.py:76)\n2026-02-04 00:10:52 [    INFO] Math: \u2211\u222b\u2202\u2207 (utils.py:76)\n2026-02-04 00:10:52 [    INFO] Control:   (utils.py:76)
2026-02-04 00:10:52 [    INFO] Mixed: Hello \u4f60\u597d \U0001f389 \u0645\u0631\u062d\u0628\u0627 (utils.py:76)\nPASSED                                                                   [ 13%]
tests/test_break_it.py::TestAPIBreaking::test_api_auth_header_manipulation SKIPPED [ 13%]
tests/test_break_it.py::TestProcessManagement::test_kill_nonexistent_process PASSED [ 13%]
tests/test_break_it.py::TestProcessManagement::test_prune_when_no_zombies 
-------------------------------- live log call --------------------------------
2026-02-04 00:10:52 [    INFO] \n\u26a0\ufe0f ZOMBIE PROCESSES DETECTED (utils.py:76)\n2026-02-04 00:10:52 [    INFO]   - [Port Conflict] python.exe (PID: 3224, Port: 8003) (utils.py:76)
2026-02-04 00:10:52 [    INFO]   - [Port Conflict] llama-server.exe (PID: 15872, Port: 8001) (utils.py:76)
PASSED                                                                   [ 13%]
tests/test_break_it.py::TestDataPersistence::test_corrupted_rag_storage 
-------------------------------- live log call --------------------------------
2026-02-04 00:10:52 [    INFO] [RAG] Loading transformer: BAAI/bge-base-en-v1.5 (Target Device: cuda) (rag_pipeline.py:175)
2026-02-04 00:10:52 [ WARNING] [RAG] GPU requested but not available. Falling back to CPU. (rag_pipeline.py:181)
2026-02-04 00:10:52 [    INFO] [RAG] Created Qdrant collection: zenai_knowledge_<MagicMock name='mock.SentenceTransformer().get_sentence_embedding_dimension()' id='2002873279424'> (rag_pipeline.py:331)
2026-02-04 00:10:52 [ WARNING] [RAG] Metadata load failed: not enough values to unpack (expected 2, got 0) (rag_pipeline.py:371)
PASSED                                                                   [ 14%]
tests/test_break_it.py::TestDataPersistence::test_read_only_directory SKIPPED [ 14%]
tests/test_chaos.py::TestFuzzing::test_fuzz_text_chunker PASSED          [ 14%]
tests/test_chaos.py::TestFuzzing::test_fuzz_message_formatting PASSED    [ 14%]
tests/test_chaos.py::TestFuzzing::test_fuzz_normalize_input PASSED       [ 14%]
tests/test_chaos.py::TestConcurrentStress::test_100_concurrent_config_reads PASSED [ 14%]
tests/test_chaos.py::TestConcurrentStress::test_rapid_dict_mutations PASSED [ 15%]
tests/test_chaos.py::TestMemoryPressure::test_large_string_processing PASSED [ 15%]
tests/test_chaos.py::TestMemoryPressure::test_many_small_allocations PASSED [ 15%]
tests/test_chaos.py::TestTimeoutAndDeadlock::test_lock_timeout PASSED    [ 15%]
tests/test_chaos.py::TestTimeoutAndDeadlock::test_no_deadlock_on_nested_operations PASSED [ 15%]
tests/test_chaos.py::TestErrorRecovery::test_exception_in_thread_doesnt_crash_main PASSED [ 15%]
tests/test_chaos.py::TestErrorRecovery::test_partial_failure_handling PASSED [ 15%]
tests/test_chaos.py::TestEdgeCaseInputs::test_very_long_single_line PASSED [ 16%]
tests/test_chaos.py::TestEdgeCaseInputs::test_deeply_nested_json PASSED  [ 16%]
tests/test_chaos.py::TestEdgeCaseInputs::test_binary_in_string PASSED    [ 16%]
tests/test_chaos.py::TestEdgeCaseInputs::test_unicode_normalization PASSED [ 16%]
tests/test_chaos.py::TestRealWorldFailures::test_config_reload_during_access PASSED [ 16%]
tests/test_chaos.py::TestRealWorldFailures::test_rapid_state_changes PASSED [ 16%]
tests/test_chat_ui.py::test_llm_backend 
-------------------------------- live log call --------------------------------
2026-02-04 00:10:54 [    INFO] HTTP Request: POST http://127.0.0.1:8001/v1/chat/completions "HTTP/1.1 200 OK" (_client.py:1740)
PASSED                                                                   [ 17%]
tests/test_chat_ui.py::test_streaming_response 
-------------------------------- live log call --------------------------------
2026-02-04 00:10:55 [    INFO] HTTP Request: POST http://127.0.0.1:8001/v1/chat/completions "HTTP/1.1 200 OK" (_client.py:1740)
PASSED                                                                   [ 17%]
tests/test_chat_ui.py::test_ui_endpoint PASSED                           [ 17%]
tests/test_chat_ui.py::test_chat_ui_e2e_playwright PASSED                [ 17%]
tests/test_cleanup_policy.py::TestUploadCleanupPolicy::test_initialization PASSED [ 17%]
tests/test_cleanup_policy.py::TestUploadCleanupPolicy::test_get_stats_empty_dir PASSED [ 17%]
tests/test_cleanup_policy.py::TestUploadCleanupPolicy::test_get_stats_with_files PASSED [ 18%]
tests/test_cleanup_policy.py::TestUploadCleanupPolicy::test_cleanup_old_files 
-------------------------------- live log call --------------------------------
2026-02-04 00:11:03 [    INFO] [Cleanup] Deleted old file: old.txt (age: 25.0h) (cleanup_policy.py:71)
2026-02-04 00:11:03 [    INFO] [Cleanup] Completed: 1 files deleted, 0.00 MB freed (cleanup_policy.py:118)
PASSED                                                                   [ 18%]
tests/test_cleanup_policy.py::TestUploadCleanupPolicy::test_cleanup_excess_files 
-------------------------------- live log call --------------------------------
2026-02-04 00:11:03 [    INFO] [Cleanup] Deleted excess file: file0.txt (cleanup_policy.py:90)
2026-02-04 00:11:03 [    INFO] [Cleanup] Deleted excess file: file1.txt (cleanup_policy.py:90)
2026-02-04 00:11:03 [    INFO] [Cleanup] Completed: 2 files deleted, 0.00 MB freed (cleanup_policy.py:118)
PASSED                                                                   [ 18%]
tests/test_cleanup_policy.py::TestUploadCleanupPolicy::test_cleanup_by_size 
-------------------------------- live log call --------------------------------
2026-02-04 00:11:03 [    INFO] [Cleanup] Deleted oversized file: large0.txt (cleanup_policy.py:112)
2026-02-04 00:11:03 [    INFO] [Cleanup] Completed: 1 files deleted, 1.00 MB freed (cleanup_policy.py:118)
PASSED                                                                   [ 18%]
tests/test_cleanup_policy.py::TestUploadCleanupPolicy::test_cleanup_nonexistent_dir PASSED [ 18%]
tests/test_cleanup_policy.py::TestUploadCleanupPolicy::test_thread_safety PASSED [ 18%]
tests/test_config_swarm.py::TestConfigSwarm::test_swarm_attributes_sync 
-------------------------------- live log call --------------------------------
2026-02-04 00:11:03 [    INFO] [Config] Redirected MODEL_DIR to store: C:\AI\Models (config_system.py:217)
PASSED                                                                   [ 19%]
tests/test_config_swarm.py::TestConfigSwarm::test_swarm_config_modification 
-------------------------------- live log call --------------------------------
2026-02-04 00:11:03 [    INFO] [Config] Redirected MODEL_DIR to store: C:\AI\Models (config_system.py:217)
PASSED                                                                   [ 19%]
tests/test_config_swarm.py::TestConfigSwarm::test_swarm_defaults 
-------------------------------- live log call --------------------------------
2026-02-04 00:11:03 [    INFO] [Config] Redirected MODEL_DIR to store: C:\AI\Models (config_system.py:217)
PASSED                                                                   [ 19%]
tests/test_consensus.py::test_consensus 
-------------------------------- live log call --------------------------------
2026-02-04 00:11:03 [    INFO] \U0001f527 Starting Backend Server (headless)... (test_consensus.py:21)\n+++++++++++++++++++++++++++++++++++ Timeout +++++++++++++++++++++++++++++++++++
~~~~~~~~~~~~~~~~~~ Stack of Thread-2 (serve_forever) (62848) ~~~~~~~~~~~~~~~~~~
  File "C:\Users\dvdze\AppData\Local\Programs\Python\Python312\Lib\threading.py", line 1032, in _bootstrap
    self._bootstrap_inner()
  File "C:\Users\dvdze\AppData\Local\Programs\Python\Python312\Lib\threading.py", line 1075, in _bootstrap_inner
    self.run()
  File "C:\Users\dvdze\AppData\Local\Programs\Python\Python312\Lib\threading.py", line 1012, in run
    self._target(*self._args, **self._kwargs)
  File "C:\Users\dvdze\AppData\Local\Programs\Python\Python312\Lib\socketserver.py", line 235, in serve_forever
    ready = selector.select(poll_interval)
  File "C:\Users\dvdze\AppData\Local\Programs\Python\Python312\Lib\selectors.py", line 323, in select
    r, w, _ = self._select(self._readers, self._writers, [], timeout)
  File "C:\Users\dvdze\AppData\Local\Programs\Python\Python312\Lib\selectors.py", line 314, in _select
    r, w, x = select.select(r, w, w, timeout)
~~~~~~~~~~~~~~~~~~~~~~~~~ Stack of MainThread (36516) ~~~~~~~~~~~~~~~~~~~~~~~~~
  File "<frozen runpy>", line 198, in _run_module_as_main
  File "<frozen runpy>", line 88, in _run_code
  File "C:\Users\dvdze\AppData\Local\Programs\Python\Python312\Lib\site-packages\pytest\__main__.py", line 9, in <module>
    raise SystemExit(pytest.console_main())
  File "C:\Users\dvdze\AppData\Local\Programs\Python\Python312\Lib\site-packages\_pytest\config\__init__.py", line 223, in console_main
    code = main()
  File "C:\Users\dvdze\AppData\Local\Programs\Python\Python312\Lib\site-packages\_pytest\config\__init__.py", line 199, in main
    ret: ExitCode | int = config.hook.pytest_cmdline_main(config=config)
  File "C:\Users\dvdze\AppData\Local\Programs\Python\Python312\Lib\site-packages\pluggy\_hooks.py", line 512, in __call__
    return self._hookexec(self.name, self._hookimpls.copy(), kwargs, firstresult)
  File "C:\Users\dvdze\AppData\Local\Programs\Python\Python312\Lib\site-packages\pluggy\_manager.py", line 120, in _hookexec
    return self._inner_hookexec(hook_name, methods, kwargs, firstresult)
  File "C:\Users\dvdze\AppData\Local\Programs\Python\Python312\Lib\site-packages\pluggy\_callers.py", line 121, in _multicall
    res = hook_impl.function(*args)
  File "C:\Users\dvdze\AppData\Local\Programs\Python\Python312\Lib\site-packages\_pytest\main.py", line 365, in pytest_cmdline_main
    return wrap_session(config, _main)
  File "C:\Users\dvdze\AppData\Local\Programs\Python\Python312\Lib\site-packages\_pytest\main.py", line 318, in wrap_session
    session.exitstatus = doit(config, session) or 0
  File "C:\Users\dvdze\AppData\Local\Programs\Python\Python312\Lib\site-packages\_pytest\main.py", line 372, in _main
    config.hook.pytest_runtestloop(session=session)
  File "C:\Users\dvdze\AppData\Local\Programs\Python\Python312\Lib\site-packages\pluggy\_hooks.py", line 512, in __call__
    return self._hookexec(self.name, self._hookimpls.copy(), kwargs, firstresult)
  File "C:\Users\dvdze\AppData\Local\Programs\Python\Python312\Lib\site-packages\pluggy\_manager.py", line 120, in _hookexec
    return self._inner_hookexec(hook_name, methods, kwargs, firstresult)
  File "C:\Users\dvdze\AppData\Local\Programs\Python\Python312\Lib\site-packages\pluggy\_callers.py", line 121, in _multicall
    res = hook_impl.function(*args)
  File "C:\Users\dvdze\AppData\Local\Programs\Python\Python312\Lib\site-packages\_pytest\main.py", line 396, in pytest_runtestloop
    item.config.hook.pytest_runtest_protocol(item=item, nextitem=nextitem)
  File "C:\Users\dvdze\AppData\Local\Programs\Python\Python312\Lib\site-packages\pluggy\_hooks.py", line 512, in __call__
    return self._hookexec(self.name, self._hookimpls.copy(), kwargs, firstresult)
  File "C:\Users\dvdze\AppData\Local\Programs\Python\Python312\Lib\site-packages\pluggy\_manager.py", line 120, in _hookexec
    return self._inner_hookexec(hook_name, methods, kwargs, firstresult)
  File "C:\Users\dvdze\AppData\Local\Programs\Python\Python312\Lib\site-packages\pluggy\_callers.py", line 121, in _multicall
    res = hook_impl.function(*args)
  File "C:\Users\dvdze\AppData\Local\Programs\Python\Python312\Lib\site-packages\_pytest\runner.py", line 118, in pytest_runtest_protocol
    runtestprotocol(item, nextitem=nextitem)
  File "C:\Users\dvdze\AppData\Local\Programs\Python\Python312\Lib\site-packages\_pytest\runner.py", line 137, in runtestprotocol
    reports.append(call_and_report(item, "call", log))
  File "C:\Users\dvdze\AppData\Local\Programs\Python\Python312\Lib\site-packages\_pytest\runner.py", line 244, in call_and_report
    call = CallInfo.from_call(
  File "C:\Users\dvdze\AppData\Local\Programs\Python\Python312\Lib\site-packages\_pytest\runner.py", line 353, in from_call
    result: TResult | None = func()
  File "C:\Users\dvdze\AppData\Local\Programs\Python\Python312\Lib\site-packages\_pytest\runner.py", line 245, in <lambda>
    lambda: runtest_hook(item=item, **kwds),
  File "C:\Users\dvdze\AppData\Local\Programs\Python\Python312\Lib\site-packages\pluggy\_hooks.py", line 512, in __call__
    return self._hookexec(self.name, self._hookimpls.copy(), kwargs, firstresult)
  File "C:\Users\dvdze\AppData\Local\Programs\Python\Python312\Lib\site-packages\pluggy\_manager.py", line 120, in _hookexec
    return self._inner_hookexec(hook_name, methods, kwargs, firstresult)
  File "C:\Users\dvdze\AppData\Local\Programs\Python\Python312\Lib\site-packages\pluggy\_callers.py", line 121, in _multicall
    res = hook_impl.function(*args)
  File "C:\Users\dvdze\AppData\Local\Programs\Python\Python312\Lib\site-packages\_pytest\runner.py", line 179, in pytest_runtest_call
    item.runtest()
  File "C:\Users\dvdze\AppData\Local\Programs\Python\Python312\Lib\site-packages\_pytest\python.py", line 1720, in runtest
    self.ihook.pytest_pyfunc_call(pyfuncitem=self)
  File "C:\Users\dvdze\AppData\Local\Programs\Python\Python312\Lib\site-packages\pluggy\_hooks.py", line 512, in __call__
    return self._hookexec(self.name, self._hookimpls.copy(), kwargs, firstresult)
  File "C:\Users\dvdze\AppData\Local\Programs\Python\Python312\Lib\site-packages\pluggy\_manager.py", line 120, in _hookexec
    return self._inner_hookexec(hook_name, methods, kwargs, firstresult)
  File "C:\Users\dvdze\AppData\Local\Programs\Python\Python312\Lib\site-packages\pluggy\_callers.py", line 121, in _multicall
    res = hook_impl.function(*args)
  File "C:\Users\dvdze\AppData\Local\Programs\Python\Python312\Lib\site-packages\_pytest\python.py", line 166, in pytest_pyfunc_call
    result = testfunction(**testargs)
  File "C:\Users\dvdze\Documents\_Python\Dev\ZEN_AI_RAG\tests\test_consensus.py", line 70, in test_consensus
    if not start_server():
  File "C:\Users\dvdze\Documents\_Python\Dev\ZEN_AI_RAG\tests\test_consensus.py", line 38, in start_server
    time.sleep(1)
+++++++++++++++++++++++++++++++++++ Timeout +++++++++++++++++++++++++++++++++++
